2016-12-15 18:12:13.238 [ main ] - [ INFO  ] [o.s.context.support.ClassPathXmlApplicationContext : 573 ] - Refreshing org.springframework.context.support.ClassPathXmlApplicationContext@27c20538: startup date [Thu Dec 15 18:12:13 CST 2016]; root of context hierarchy
2016-12-15 18:12:13.268 [ main ] - [ INFO  ] [o.s.beans.factory.xml.XmlBeanDefinitionReader : 317 ] - Loading XML bean definitions from file [C:\Users\lyp\git\zplatform-member-merchant\zplatform-member-merchant-server\target\classes\META-INF\spring\spring-context.xml]
2016-12-15 18:12:15.755 [ main ] - [ INFO  ] [o.s.beans.factory.xml.XmlBeanDefinitionReader : 317 ] - Loading XML bean definitions from class path resource [spring-hibernate.xml]
2016-12-15 18:12:15.846 [ main ] - [ INFO  ] [o.s.beans.factory.xml.XmlBeanDefinitionReader : 317 ] - Loading XML bean definitions from class path resource [spring-dubbo-provider.xml]
2016-12-15 18:12:15.903 [ main ] - [ INFO  ] [o.s.beans.factory.xml.XmlBeanDefinitionReader : 317 ] - Loading XML bean definitions from class path resource [spring-dubbo-consumer.xml]
2016-12-15 18:12:16.211 [ main ] - [ INFO  ] [o.s.b.factory.config.PropertyPlaceholderConfigurer : 172 ] - Loading properties file from file [C:\Users\lyp\git\zplatform-acc-service\zplatform-acc-bean\target\classes\acc_exception.properties]
2016-12-15 18:12:16.251 [ main ] - [ WARN  ] [o.s.context.support.ClassPathXmlApplicationContext : 544 ] - Exception encountered during context initialization - cancelling refresh attempt
org.springframework.beans.factory.BeanDefinitionStoreException: Invalid bean definition with name 'dataSource' defined in class path resource [spring-hibernate.xml]: Could not resolve placeholder 'jdbcUrl' in string value "${jdbcUrl}"; nested exception is java.lang.IllegalArgumentException: Could not resolve placeholder 'jdbcUrl' in string value "${jdbcUrl}"
	at org.springframework.beans.factory.config.PlaceholderConfigurerSupport.doProcessProperties(PlaceholderConfigurerSupport.java:211) ~[spring-beans-4.2.0.RELEASE.jar:4.2.0.RELEASE]
	at org.springframework.beans.factory.config.PropertyPlaceholderConfigurer.processProperties(PropertyPlaceholderConfigurer.java:222) ~[spring-beans-4.2.0.RELEASE.jar:4.2.0.RELEASE]
	at org.springframework.beans.factory.config.PropertyResourceConfigurer.postProcessBeanFactory(PropertyResourceConfigurer.java:86) ~[spring-beans-4.2.0.RELEASE.jar:4.2.0.RELEASE]
	at org.springframework.context.support.PostProcessorRegistrationDelegate.invokeBeanFactoryPostProcessors(PostProcessorRegistrationDelegate.java:284) ~[spring-context-4.2.0.RELEASE.jar:4.2.0.RELEASE]
	at org.springframework.context.support.PostProcessorRegistrationDelegate.invokeBeanFactoryPostProcessors(PostProcessorRegistrationDelegate.java:166) ~[spring-context-4.2.0.RELEASE.jar:4.2.0.RELEASE]
	at org.springframework.context.support.AbstractApplicationContext.invokeBeanFactoryPostProcessors(AbstractApplicationContext.java:673) ~[spring-context-4.2.0.RELEASE.jar:4.2.0.RELEASE]
	at org.springframework.context.support.AbstractApplicationContext.refresh(AbstractApplicationContext.java:519) ~[spring-context-4.2.0.RELEASE.jar:4.2.0.RELEASE]
	at org.springframework.context.support.ClassPathXmlApplicationContext.<init>(ClassPathXmlApplicationContext.java:139) [spring-context-4.2.0.RELEASE.jar:4.2.0.RELEASE]
	at org.springframework.context.support.ClassPathXmlApplicationContext.<init>(ClassPathXmlApplicationContext.java:93) [spring-context-4.2.0.RELEASE.jar:4.2.0.RELEASE]
	at com.alibaba.dubbo.container.spring.SpringContainer.start(SpringContainer.java:50) [dubbo-2.5.3.jar:2.5.3]
	at com.alibaba.dubbo.container.Main.main(Main.java:80) [dubbo-2.5.3.jar:2.5.3]
Caused by: java.lang.IllegalArgumentException: Could not resolve placeholder 'jdbcUrl' in string value "${jdbcUrl}"
	at org.springframework.util.PropertyPlaceholderHelper.parseStringValue(PropertyPlaceholderHelper.java:174) ~[spring-core-4.2.0.RELEASE.jar:4.2.0.RELEASE]
	at org.springframework.util.PropertyPlaceholderHelper.replacePlaceholders(PropertyPlaceholderHelper.java:126) ~[spring-core-4.2.0.RELEASE.jar:4.2.0.RELEASE]
	at org.springframework.beans.factory.config.PropertyPlaceholderConfigurer$PlaceholderResolvingStringValueResolver.resolveStringValue(PropertyPlaceholderConfigurer.java:258) ~[spring-beans-4.2.0.RELEASE.jar:4.2.0.RELEASE]
	at org.springframework.beans.factory.config.BeanDefinitionVisitor.resolveStringValue(BeanDefinitionVisitor.java:282) ~[spring-beans-4.2.0.RELEASE.jar:4.2.0.RELEASE]
	at org.springframework.beans.factory.config.BeanDefinitionVisitor.resolveValue(BeanDefinitionVisitor.java:204) ~[spring-beans-4.2.0.RELEASE.jar:4.2.0.RELEASE]
	at org.springframework.beans.factory.config.BeanDefinitionVisitor.visitPropertyValues(BeanDefinitionVisitor.java:141) ~[spring-beans-4.2.0.RELEASE.jar:4.2.0.RELEASE]
	at org.springframework.beans.factory.config.BeanDefinitionVisitor.visitBeanDefinition(BeanDefinitionVisitor.java:82) ~[spring-beans-4.2.0.RELEASE.jar:4.2.0.RELEASE]
	at org.springframework.beans.factory.config.PlaceholderConfigurerSupport.doProcessProperties(PlaceholderConfigurerSupport.java:208) ~[spring-beans-4.2.0.RELEASE.jar:4.2.0.RELEASE]
	... 10 common frames omitted
2016-12-15 18:12:54.774 [ main ] - [ INFO  ] [o.s.context.support.ClassPathXmlApplicationContext : 573 ] - Refreshing org.springframework.context.support.ClassPathXmlApplicationContext@6e06451e: startup date [Thu Dec 15 18:12:54 CST 2016]; root of context hierarchy
2016-12-15 18:12:54.804 [ main ] - [ INFO  ] [o.s.beans.factory.xml.XmlBeanDefinitionReader : 317 ] - Loading XML bean definitions from file [C:\Users\lyp\git\zplatform-member-merchant\zplatform-member-merchant-server\target\classes\META-INF\spring\spring-context.xml]
2016-12-15 18:12:58.923 [ main ] - [ INFO  ] [o.s.beans.factory.xml.XmlBeanDefinitionReader : 317 ] - Loading XML bean definitions from class path resource [spring-hibernate.xml]
2016-12-15 18:12:59.003 [ main ] - [ INFO  ] [o.s.beans.factory.xml.XmlBeanDefinitionReader : 317 ] - Loading XML bean definitions from class path resource [spring-dubbo-provider.xml]
2016-12-15 18:12:59.037 [ main ] - [ INFO  ] [o.s.beans.factory.xml.XmlBeanDefinitionReader : 317 ] - Loading XML bean definitions from class path resource [spring-dubbo-consumer.xml]
2016-12-15 18:12:59.178 [ main ] - [ INFO  ] [o.s.b.factory.config.PropertyPlaceholderConfigurer : 172 ] - Loading properties file from file [C:\Users\lyp\git\zplatform-acc-service\zplatform-acc-bean\target\classes\acc_exception.properties]
2016-12-15 18:12:59.185 [ main ] - [ WARN  ] [o.s.context.support.ClassPathXmlApplicationContext : 544 ] - Exception encountered during context initialization - cancelling refresh attempt
org.springframework.beans.factory.BeanDefinitionStoreException: Invalid bean definition with name 'dataSource' defined in class path resource [spring-hibernate.xml]: Could not resolve placeholder 'jdbcUrl' in string value "${jdbcUrl}"; nested exception is java.lang.IllegalArgumentException: Could not resolve placeholder 'jdbcUrl' in string value "${jdbcUrl}"
	at org.springframework.beans.factory.config.PlaceholderConfigurerSupport.doProcessProperties(PlaceholderConfigurerSupport.java:211) ~[spring-beans-4.2.0.RELEASE.jar:4.2.0.RELEASE]
	at org.springframework.beans.factory.config.PropertyPlaceholderConfigurer.processProperties(PropertyPlaceholderConfigurer.java:222) ~[spring-beans-4.2.0.RELEASE.jar:4.2.0.RELEASE]
	at org.springframework.beans.factory.config.PropertyResourceConfigurer.postProcessBeanFactory(PropertyResourceConfigurer.java:86) ~[spring-beans-4.2.0.RELEASE.jar:4.2.0.RELEASE]
	at org.springframework.context.support.PostProcessorRegistrationDelegate.invokeBeanFactoryPostProcessors(PostProcessorRegistrationDelegate.java:284) ~[spring-context-4.2.0.RELEASE.jar:4.2.0.RELEASE]
	at org.springframework.context.support.PostProcessorRegistrationDelegate.invokeBeanFactoryPostProcessors(PostProcessorRegistrationDelegate.java:166) ~[spring-context-4.2.0.RELEASE.jar:4.2.0.RELEASE]
	at org.springframework.context.support.AbstractApplicationContext.invokeBeanFactoryPostProcessors(AbstractApplicationContext.java:673) ~[spring-context-4.2.0.RELEASE.jar:4.2.0.RELEASE]
	at org.springframework.context.support.AbstractApplicationContext.refresh(AbstractApplicationContext.java:519) ~[spring-context-4.2.0.RELEASE.jar:4.2.0.RELEASE]
	at org.springframework.context.support.ClassPathXmlApplicationContext.<init>(ClassPathXmlApplicationContext.java:139) [spring-context-4.2.0.RELEASE.jar:4.2.0.RELEASE]
	at org.springframework.context.support.ClassPathXmlApplicationContext.<init>(ClassPathXmlApplicationContext.java:93) [spring-context-4.2.0.RELEASE.jar:4.2.0.RELEASE]
	at com.alibaba.dubbo.container.spring.SpringContainer.start(SpringContainer.java:50) [dubbo-2.5.3.jar:2.5.3]
	at com.alibaba.dubbo.container.Main.main(Main.java:80) [dubbo-2.5.3.jar:2.5.3]
Caused by: java.lang.IllegalArgumentException: Could not resolve placeholder 'jdbcUrl' in string value "${jdbcUrl}"
	at org.springframework.util.PropertyPlaceholderHelper.parseStringValue(PropertyPlaceholderHelper.java:174) ~[spring-core-4.2.0.RELEASE.jar:4.2.0.RELEASE]
	at org.springframework.util.PropertyPlaceholderHelper.replacePlaceholders(PropertyPlaceholderHelper.java:126) ~[spring-core-4.2.0.RELEASE.jar:4.2.0.RELEASE]
	at org.springframework.beans.factory.config.PropertyPlaceholderConfigurer$PlaceholderResolvingStringValueResolver.resolveStringValue(PropertyPlaceholderConfigurer.java:258) ~[spring-beans-4.2.0.RELEASE.jar:4.2.0.RELEASE]
	at org.springframework.beans.factory.config.BeanDefinitionVisitor.resolveStringValue(BeanDefinitionVisitor.java:282) ~[spring-beans-4.2.0.RELEASE.jar:4.2.0.RELEASE]
	at org.springframework.beans.factory.config.BeanDefinitionVisitor.resolveValue(BeanDefinitionVisitor.java:204) ~[spring-beans-4.2.0.RELEASE.jar:4.2.0.RELEASE]
	at org.springframework.beans.factory.config.BeanDefinitionVisitor.visitPropertyValues(BeanDefinitionVisitor.java:141) ~[spring-beans-4.2.0.RELEASE.jar:4.2.0.RELEASE]
	at org.springframework.beans.factory.config.BeanDefinitionVisitor.visitBeanDefinition(BeanDefinitionVisitor.java:82) ~[spring-beans-4.2.0.RELEASE.jar:4.2.0.RELEASE]
	at org.springframework.beans.factory.config.PlaceholderConfigurerSupport.doProcessProperties(PlaceholderConfigurerSupport.java:208) ~[spring-beans-4.2.0.RELEASE.jar:4.2.0.RELEASE]
	... 10 common frames omitted
2016-12-15 18:14:25.058 [ main ] - [ INFO  ] [o.s.context.support.ClassPathXmlApplicationContext : 573 ] - Refreshing org.springframework.context.support.ClassPathXmlApplicationContext@6e06451e: startup date [Thu Dec 15 18:14:25 CST 2016]; root of context hierarchy
2016-12-15 18:14:25.088 [ main ] - [ INFO  ] [o.s.beans.factory.xml.XmlBeanDefinitionReader : 317 ] - Loading XML bean definitions from file [C:\Users\lyp\git\zplatform-member-merchant\zplatform-member-merchant-server\target\classes\META-INF\spring\spring-context.xml]
2016-12-15 18:14:26.181 [ main ] - [ INFO  ] [o.s.beans.factory.xml.XmlBeanDefinitionReader : 317 ] - Loading XML bean definitions from class path resource [spring-hibernate.xml]
2016-12-15 18:14:26.259 [ main ] - [ INFO  ] [o.s.beans.factory.xml.XmlBeanDefinitionReader : 317 ] - Loading XML bean definitions from class path resource [spring-dubbo-provider.xml]
2016-12-15 18:14:26.295 [ main ] - [ INFO  ] [o.s.beans.factory.xml.XmlBeanDefinitionReader : 317 ] - Loading XML bean definitions from class path resource [spring-dubbo-consumer.xml]
2016-12-15 18:14:26.448 [ main ] - [ INFO  ] [o.s.b.factory.config.PropertyPlaceholderConfigurer : 172 ] - Loading properties file from file [D:\cert\database.properties]
2016-12-15 18:14:26.448 [ main ] - [ INFO  ] [o.s.b.factory.config.PropertyPlaceholderConfigurer : 172 ] - Loading properties file from file [C:\Users\lyp\git\zplatform-acc-service\zplatform-acc-bean\target\classes\acc_exception.properties]
2016-12-15 18:14:30.330 [ main ] - [ INFO  ] [org.apache.zookeeper.ZooKeeper : 100 ] - Client environment:zookeeper.version=3.4.6-1569965, built on 02/20/2014 09:09 GMT
2016-12-15 18:14:30.330 [ main ] - [ INFO  ] [org.apache.zookeeper.ZooKeeper : 100 ] - Client environment:host.name=lyp-PC
2016-12-15 18:14:30.330 [ main ] - [ INFO  ] [org.apache.zookeeper.ZooKeeper : 100 ] - Client environment:java.version=1.8.0_101
2016-12-15 18:14:30.330 [ main ] - [ INFO  ] [org.apache.zookeeper.ZooKeeper : 100 ] - Client environment:java.vendor=Oracle Corporation
2016-12-15 18:14:30.330 [ main ] - [ INFO  ] [org.apache.zookeeper.ZooKeeper : 100 ] - Client environment:java.home=D:\Program Files\Java\jdk1.8.0_101\jre
2016-12-15 18:14:30.331 [ main ] - [ INFO  ] [org.apache.zookeeper.ZooKeeper : 100 ] - Client environment:java.class.path=C:\Users\lyp\.m2\repository\com\alibaba\dubbo\2.5.3\dubbo-2.5.3.jar;C:\Users\lyp\.m2\repository\org\javassist\javassist\3.15.0-GA\javassist-3.15.0-GA.jar;C:\Users\lyp\.m2\repository\org\jboss\netty\netty\3.2.5.Final\netty-3.2.5.Final.jar;C:\Users\lyp\.m2\repository\org\apache\zookeeper\zookeeper\3.4.6\zookeeper-3.4.6.jar;C:\Users\lyp\.m2\repository\log4j\log4j\1.2.16\log4j-1.2.16.jar;C:\Users\lyp\.m2\repository\jline\jline\0.9.94\jline-0.9.94.jar;C:\Users\lyp\.m2\repository\io\netty\netty\3.7.0.Final\netty-3.7.0.Final.jar;C:\Users\lyp\.m2\repository\com\github\sgroschupf\zkclient\0.1\zkclient-0.1.jar;C:\Users\lyp\.m2\repository\org\springframework\spring-test\4.2.0.RELEASE\spring-test-4.2.0.RELEASE.jar;C:\Users\lyp\.m2\repository\org\springframework\spring-core\4.2.0.RELEASE\spring-core-4.2.0.RELEASE.jar;C:\Users\lyp\.m2\repository\org\springframework\spring-web\4.2.0.RELEASE\spring-web-4.2.0.RELEASE.jar;C:\Users\lyp\.m2\repository\org\springframework\spring-aop\4.2.0.RELEASE\spring-aop-4.2.0.RELEASE.jar;C:\Users\lyp\.m2\repository\aopalliance\aopalliance\1.0\aopalliance-1.0.jar;C:\Users\lyp\.m2\repository\org\springframework\spring-beans\4.2.0.RELEASE\spring-beans-4.2.0.RELEASE.jar;C:\Users\lyp\.m2\repository\org\springframework\spring-context\4.2.0.RELEASE\spring-context-4.2.0.RELEASE.jar;C:\Users\lyp\.m2\repository\org\springframework\spring-expression\4.2.0.RELEASE\spring-expression-4.2.0.RELEASE.jar;C:\Users\lyp\.m2\repository\org\cheffo\jeplite\0.8.7a\jeplite-0.8.7a.jar;C:\Users\lyp\.m2\repository\net\sf\json-lib\json-lib\2.4\json-lib-2.4-jdk15.jar;C:\Users\lyp\.m2\repository\commons-beanutils\commons-beanutils\1.8.0\commons-beanutils-1.8.0.jar;C:\Users\lyp\.m2\repository\commons-collections\commons-collections\3.2.1\commons-collections-3.2.1.jar;C:\Users\lyp\.m2\repository\commons-lang\commons-lang\2.5\commons-lang-2.5.jar;C:\Users\lyp\.m2\repository\commons-logging\commons-logging\1.1.1\commons-logging-1.1.1.jar;C:\Users\lyp\.m2\repository\net\sf\ezmorph\ezmorph\1.0.6\ezmorph-1.0.6.jar;C:\Users\lyp\.m2\repository\org\slf4j\slf4j-api\1.7.7\slf4j-api-1.7.7.jar;C:\Users\lyp\.m2\repository\ch\qos\logback\logback-core\1.1.3\logback-core-1.1.3.jar;C:\Users\lyp\.m2\repository\ch\qos\logback\logback-classic\1.1.3\logback-classic-1.1.3.jar;C:\Users\lyp\.m2\repository\org\slf4j\slf4j-log4j12\1.7.21\slf4j-log4j12-1.7.21.jar;C:\Users\lyp\.m2\repository\org\slf4j\log4j-over-slf4j\1.7.21\log4j-over-slf4j-1.7.21.jar;C:\Users\lyp\.m2\repository\org\slf4j\jcl-over-slf4j\1.7.21\jcl-over-slf4j-1.7.21.jar;C:\Users\lyp\.m2\repository\com\zlebank\zplatform\zplatform-member-individual-api\1.0.0-SNAPSHOT\zplatform-member-individual-api-1.0.0-SNAPSHOT.jar;C:\Users\lyp\.m2\repository\com\zlebank\zplatform\zplatform-member-commons-api\1.0.0-SNAPSHOT\zplatform-member-commons-api-1.0.0-SNAPSHOT.jar;C:\Users\lyp\.m2\repository\com\alibaba\fastjson\1.2.7\fastjson-1.2.7.jar;C:\Users\lyp\.m2\repository\com\google\guava\guava\19.0\guava-19.0.jar;C:\Users\lyp\git\zplatform-acc-service\zplatform-acc-bean\target\classes;C:\Users\lyp\git\zplatform-member-merchant\zplatform-member-merchant-api\target\classes;C:\Users\lyp\.m2\repository\com\zlebank\zplatform\zplatform-member-commons\1.0.0-SNAPSHOT\zplatform-member-commons-1.0.0-SNAPSHOT.jar;C:\Users\lyp\.m2\repository\org\springframework\spring-context-support\4.2.0.RELEASE\spring-context-support-4.2.0.RELEASE.jar;C:\Users\lyp\.m2\repository\org\springframework\spring-orm\4.2.0.RELEASE\spring-orm-4.2.0.RELEASE.jar;C:\Users\lyp\.m2\repository\org\springframework\spring-jdbc\4.2.0.RELEASE\spring-jdbc-4.2.0.RELEASE.jar;C:\Users\lyp\.m2\repository\org\springframework\spring-tx\4.2.0.RELEASE\spring-tx-4.2.0.RELEASE.jar;C:\Users\lyp\.m2\repository\org\springframework\spring-aspects\4.2.0.RELEASE\spring-aspects-4.2.0.RELEASE.jar;C:\Users\lyp\.m2\repository\org\aspectj\aspectjweaver\1.8.6\aspectjweaver-1.8.6.jar;C:\Users\lyp\.m2\repository\commons-net\commons-net\3.3\commons-net-3.3.jar;C:\Users\lyp\.m2\repository\org\hibernate\hibernate-c3p0\4.2.0.Final\hibernate-c3p0-4.2.0.Final.jar;C:\Users\lyp\.m2\repository\org\jboss\logging\jboss-logging\3.1.0.GA\jboss-logging-3.1.0.GA.jar;C:\Users\lyp\.m2\repository\org\hibernate\hibernate-core\4.2.0.Final\hibernate-core-4.2.0.Final.jar;C:\Users\lyp\.m2\repository\antlr\antlr\2.7.7\antlr-2.7.7.jar;C:\Users\lyp\.m2\repository\org\jboss\spec\javax\transaction\jboss-transaction-api_1.1_spec\1.0.0.Final\jboss-transaction-api_1.1_spec-1.0.0.Final.jar;C:\Users\lyp\.m2\repository\dom4j\dom4j\1.6.1\dom4j-1.6.1.jar;C:\Users\lyp\.m2\repository\org\hibernate\javax\persistence\hibernate-jpa-2.0-api\1.0.1.Final\hibernate-jpa-2.0-api-1.0.1.Final.jar;C:\Users\lyp\.m2\repository\org\hibernate\common\hibernate-commons-annotations\4.0.1.Final\hibernate-commons-annotations-4.0.1.Final.jar;C:\Users\lyp\.m2\repository\c3p0\c3p0\0.9.1\c3p0-0.9.1.jar;C:\Users\lyp\.m2\repository\org\hibernate\hibernate-validator\4.2.0.Final\hibernate-validator-4.2.0.Final.jar;C:\Users\lyp\.m2\repository\javax\validation\validation-api\1.0.0.GA\validation-api-1.0.0.GA.jar;C:\Users\lyp\.m2\repository\com\oracle\ojdbc6\11\ojdbc6-11.jar;C:\Users\lyp\.m2\repository\cglib\cglib\2.2\cglib-2.2.jar;C:\Users\lyp\.m2\repository\asm\asm\3.1\asm-3.1.jar;C:\Users\lyp\.m2\repository\com\zlebank\zplatform\javabase64\1.3.1\javabase64-1.3.1.jar;C:\Users\lyp\.m2\repository\com\zlebank\zplatform\zplatform-member-coopinsti-api\1.0.0-SNAPSHOT\zplatform-member-coopinsti-api-1.0.0-SNAPSHOT.jar;C:\Users\lyp\.m2\repository\com\alibaba\druid\1.0.26\druid-1.0.26.jar;D:\Program Files\Java\jdk1.8.0_101\lib\jconsole.jar;D:\Program Files\Java\jdk1.8.0_101\lib\tools.jar;C:\Users\lyp\git\zplatform-member-merchant\zplatform-member-merchant-server\target\classes
2016-12-15 18:14:30.331 [ main ] - [ INFO  ] [org.apache.zookeeper.ZooKeeper : 100 ] - Client environment:java.library.path=D:\Program Files\Java\jdk1.8.0_101\bin;C:\Windows\Sun\Java\bin;C:\Windows\system32;C:\Windows;D:/Program Files/Java/jdk1.8.0_101/bin/../jre/bin/server;D:/Program Files/Java/jdk1.8.0_101/bin/../jre/bin;D:/Program Files/Java/jdk1.8.0_101/bin/../jre/lib/amd64;D:\apache-maven-3.3.9\bin;C:\Program Files (x86)\Common Files\NetSarang;G:\home\web\trade;D:\Program Files\Java\jdk1.8.0_101\bin;C:\Program Files (x86)\Intel\iCLS Client\;C:\Program Files\Intel\iCLS Client\;C:\Windows\system32;C:\Windows;C:\Windows\System32\Wbem;C:\Windows\System32\WindowsPowerShell\v1.0\;C:\Program Files\Intel\Intel(R) Management Engine Components\DAL;C:\Program Files\Intel\Intel(R) Management Engine Components\IPT;C:\Program Files (x86)\Intel\Intel(R) Management Engine Components\DAL;C:\Program Files (x86)\Intel\Intel(R) Management Engine Components\IPT;C:\Program Files (x86)\Common Files\Lenovo;C:\SWTOOLS\ReadyApps;D:\Program Files (x86)\Rational\common;D:\svn\bin;D:\testng\apache-ant-1.9.7\bin;D:\eclipse\eclipse;;.
2016-12-15 18:14:30.331 [ main ] - [ INFO  ] [org.apache.zookeeper.ZooKeeper : 100 ] - Client environment:java.io.tmpdir=C:\Users\lyp\AppData\Local\Temp\
2016-12-15 18:14:30.331 [ main ] - [ INFO  ] [org.apache.zookeeper.ZooKeeper : 100 ] - Client environment:java.compiler=<NA>
2016-12-15 18:14:30.331 [ main ] - [ INFO  ] [org.apache.zookeeper.ZooKeeper : 100 ] - Client environment:os.name=Windows 7
2016-12-15 18:14:30.331 [ main ] - [ INFO  ] [org.apache.zookeeper.ZooKeeper : 100 ] - Client environment:os.arch=amd64
2016-12-15 18:14:30.332 [ main ] - [ INFO  ] [org.apache.zookeeper.ZooKeeper : 100 ] - Client environment:os.version=6.1
2016-12-15 18:14:30.332 [ main ] - [ INFO  ] [org.apache.zookeeper.ZooKeeper : 100 ] - Client environment:user.name=lyp
2016-12-15 18:14:30.332 [ main ] - [ INFO  ] [org.apache.zookeeper.ZooKeeper : 100 ] - Client environment:user.home=C:\Users\lyp
2016-12-15 18:14:30.332 [ main ] - [ INFO  ] [org.apache.zookeeper.ZooKeeper : 100 ] - Client environment:user.dir=C:\Users\lyp\git\zplatform-member-merchant\zplatform-member-merchant-server
2016-12-15 18:14:30.333 [ main ] - [ INFO  ] [org.apache.zookeeper.ZooKeeper : 438 ] - Initiating client connection, connectString=192.168.101.104:2181 sessionTimeout=30000 watcher=org.I0Itec.zkclient.ZkClient@3664f108
2016-12-15 18:14:30.408 [ main-SendThread(192.168.101.104:2181) ] - [ INFO  ] [org.apache.zookeeper.ClientCnxn : 975 ] - Opening socket connection to server 192.168.101.104/192.168.101.104:2181. Will not attempt to authenticate using SASL (unknown error)
2016-12-15 18:14:30.411 [ main-SendThread(192.168.101.104:2181) ] - [ INFO  ] [org.apache.zookeeper.ClientCnxn : 852 ] - Socket connection established to 192.168.101.104/192.168.101.104:2181, initiating session
2016-12-15 18:14:30.418 [ main-SendThread(192.168.101.104:2181) ] - [ INFO  ] [org.apache.zookeeper.ClientCnxn : 1235 ] - Session establishment complete on server 192.168.101.104/192.168.101.104:2181, sessionid = 0x1585ea4ee37054e, negotiated timeout = 30000
2016-12-15 18:14:31.087 [ main ] - [ INFO  ] [o.s.orm.hibernate4.HibernateTransactionManager : 360 ] - Using DataSource [{
	CreateTime:"2016-12-15 18:14:27",
	ActiveCount:0,
	PoolingCount:1,
	CreateCount:1,
	DestroyCount:0,
	CloseCount:0,
	ConnectCount:0,
	Connections:[
		{ID:936931778, ConnectTime:"2016-12-15 18:14:28", UseCount:0, LastActiveTime:"2016-12-15 18:14:28"}
	]
}

[
	{
	ID:936931778, 
	poolStatements:[
		]
	}
]] of Hibernate SessionFactory for HibernateTransactionManager
2016-12-15 18:36:07.961 [ main ] - [ INFO  ] [o.s.context.support.ClassPathXmlApplicationContext : 573 ] - Refreshing org.springframework.context.support.ClassPathXmlApplicationContext@6e06451e: startup date [Thu Dec 15 18:36:07 CST 2016]; root of context hierarchy
2016-12-15 18:36:08.000 [ main ] - [ INFO  ] [o.s.beans.factory.xml.XmlBeanDefinitionReader : 317 ] - Loading XML bean definitions from file [C:\Users\lyp\git\zplatform-member-merchant\zplatform-member-merchant-server\target\classes\META-INF\spring\spring-context.xml]
2016-12-15 18:36:09.803 [ main ] - [ INFO  ] [o.s.beans.factory.xml.XmlBeanDefinitionReader : 317 ] - Loading XML bean definitions from class path resource [spring-hibernate.xml]
2016-12-15 18:36:09.887 [ main ] - [ INFO  ] [o.s.beans.factory.xml.XmlBeanDefinitionReader : 317 ] - Loading XML bean definitions from class path resource [spring-dubbo-provider.xml]
2016-12-15 18:36:09.925 [ main ] - [ INFO  ] [o.s.beans.factory.xml.XmlBeanDefinitionReader : 317 ] - Loading XML bean definitions from class path resource [spring-dubbo-consumer.xml]
2016-12-15 18:36:10.123 [ main ] - [ INFO  ] [o.s.b.factory.config.PropertyPlaceholderConfigurer : 172 ] - Loading properties file from file [D:\cert\database.properties]
2016-12-15 18:36:10.124 [ main ] - [ INFO  ] [o.s.b.factory.config.PropertyPlaceholderConfigurer : 172 ] - Loading properties file from file [C:\Users\lyp\git\zplatform-acc-service\zplatform-acc-bean\target\classes\acc_exception.properties]
2016-12-15 18:36:13.833 [ main ] - [ INFO  ] [org.apache.zookeeper.ZooKeeper : 100 ] - Client environment:zookeeper.version=3.4.6-1569965, built on 02/20/2014 09:09 GMT
2016-12-15 18:36:13.834 [ main ] - [ INFO  ] [org.apache.zookeeper.ZooKeeper : 100 ] - Client environment:host.name=lyp-PC
2016-12-15 18:36:13.834 [ main ] - [ INFO  ] [org.apache.zookeeper.ZooKeeper : 100 ] - Client environment:java.version=1.8.0_101
2016-12-15 18:36:13.834 [ main ] - [ INFO  ] [org.apache.zookeeper.ZooKeeper : 100 ] - Client environment:java.vendor=Oracle Corporation
2016-12-15 18:36:13.834 [ main ] - [ INFO  ] [org.apache.zookeeper.ZooKeeper : 100 ] - Client environment:java.home=D:\Program Files\Java\jdk1.8.0_101\jre
2016-12-15 18:36:13.834 [ main ] - [ INFO  ] [org.apache.zookeeper.ZooKeeper : 100 ] - Client environment:java.class.path=C:\Users\lyp\.m2\repository\com\alibaba\dubbo\2.5.3\dubbo-2.5.3.jar;C:\Users\lyp\.m2\repository\org\javassist\javassist\3.15.0-GA\javassist-3.15.0-GA.jar;C:\Users\lyp\.m2\repository\org\jboss\netty\netty\3.2.5.Final\netty-3.2.5.Final.jar;C:\Users\lyp\.m2\repository\org\apache\zookeeper\zookeeper\3.4.6\zookeeper-3.4.6.jar;C:\Users\lyp\.m2\repository\log4j\log4j\1.2.16\log4j-1.2.16.jar;C:\Users\lyp\.m2\repository\jline\jline\0.9.94\jline-0.9.94.jar;C:\Users\lyp\.m2\repository\io\netty\netty\3.7.0.Final\netty-3.7.0.Final.jar;C:\Users\lyp\.m2\repository\com\github\sgroschupf\zkclient\0.1\zkclient-0.1.jar;C:\Users\lyp\.m2\repository\org\springframework\spring-test\4.2.0.RELEASE\spring-test-4.2.0.RELEASE.jar;C:\Users\lyp\.m2\repository\org\springframework\spring-core\4.2.0.RELEASE\spring-core-4.2.0.RELEASE.jar;C:\Users\lyp\.m2\repository\org\springframework\spring-web\4.2.0.RELEASE\spring-web-4.2.0.RELEASE.jar;C:\Users\lyp\.m2\repository\org\springframework\spring-aop\4.2.0.RELEASE\spring-aop-4.2.0.RELEASE.jar;C:\Users\lyp\.m2\repository\aopalliance\aopalliance\1.0\aopalliance-1.0.jar;C:\Users\lyp\.m2\repository\org\springframework\spring-beans\4.2.0.RELEASE\spring-beans-4.2.0.RELEASE.jar;C:\Users\lyp\.m2\repository\org\springframework\spring-context\4.2.0.RELEASE\spring-context-4.2.0.RELEASE.jar;C:\Users\lyp\.m2\repository\org\springframework\spring-expression\4.2.0.RELEASE\spring-expression-4.2.0.RELEASE.jar;C:\Users\lyp\.m2\repository\org\cheffo\jeplite\0.8.7a\jeplite-0.8.7a.jar;C:\Users\lyp\.m2\repository\net\sf\json-lib\json-lib\2.4\json-lib-2.4-jdk15.jar;C:\Users\lyp\.m2\repository\commons-beanutils\commons-beanutils\1.8.0\commons-beanutils-1.8.0.jar;C:\Users\lyp\.m2\repository\commons-collections\commons-collections\3.2.1\commons-collections-3.2.1.jar;C:\Users\lyp\.m2\repository\commons-lang\commons-lang\2.5\commons-lang-2.5.jar;C:\Users\lyp\.m2\repository\commons-logging\commons-logging\1.1.1\commons-logging-1.1.1.jar;C:\Users\lyp\.m2\repository\net\sf\ezmorph\ezmorph\1.0.6\ezmorph-1.0.6.jar;C:\Users\lyp\.m2\repository\org\slf4j\slf4j-api\1.7.7\slf4j-api-1.7.7.jar;C:\Users\lyp\.m2\repository\ch\qos\logback\logback-core\1.1.3\logback-core-1.1.3.jar;C:\Users\lyp\.m2\repository\ch\qos\logback\logback-classic\1.1.3\logback-classic-1.1.3.jar;C:\Users\lyp\.m2\repository\org\slf4j\slf4j-log4j12\1.7.21\slf4j-log4j12-1.7.21.jar;C:\Users\lyp\.m2\repository\org\slf4j\log4j-over-slf4j\1.7.21\log4j-over-slf4j-1.7.21.jar;C:\Users\lyp\.m2\repository\org\slf4j\jcl-over-slf4j\1.7.21\jcl-over-slf4j-1.7.21.jar;C:\Users\lyp\.m2\repository\com\zlebank\zplatform\zplatform-member-individual-api\1.0.0-SNAPSHOT\zplatform-member-individual-api-1.0.0-SNAPSHOT.jar;C:\Users\lyp\.m2\repository\com\zlebank\zplatform\zplatform-member-commons-api\1.0.0-SNAPSHOT\zplatform-member-commons-api-1.0.0-SNAPSHOT.jar;C:\Users\lyp\.m2\repository\com\alibaba\fastjson\1.2.7\fastjson-1.2.7.jar;C:\Users\lyp\.m2\repository\com\google\guava\guava\19.0\guava-19.0.jar;C:\Users\lyp\git\zplatform-acc-service\zplatform-acc-bean\target\classes;C:\Users\lyp\git\zplatform-member-merchant\zplatform-member-merchant-api\target\classes;C:\Users\lyp\.m2\repository\com\zlebank\zplatform\zplatform-member-commons\1.0.0-SNAPSHOT\zplatform-member-commons-1.0.0-SNAPSHOT.jar;C:\Users\lyp\.m2\repository\org\springframework\spring-context-support\4.2.0.RELEASE\spring-context-support-4.2.0.RELEASE.jar;C:\Users\lyp\.m2\repository\org\springframework\spring-orm\4.2.0.RELEASE\spring-orm-4.2.0.RELEASE.jar;C:\Users\lyp\.m2\repository\org\springframework\spring-jdbc\4.2.0.RELEASE\spring-jdbc-4.2.0.RELEASE.jar;C:\Users\lyp\.m2\repository\org\springframework\spring-tx\4.2.0.RELEASE\spring-tx-4.2.0.RELEASE.jar;C:\Users\lyp\.m2\repository\org\springframework\spring-aspects\4.2.0.RELEASE\spring-aspects-4.2.0.RELEASE.jar;C:\Users\lyp\.m2\repository\org\aspectj\aspectjweaver\1.8.6\aspectjweaver-1.8.6.jar;C:\Users\lyp\.m2\repository\commons-net\commons-net\3.3\commons-net-3.3.jar;C:\Users\lyp\.m2\repository\org\hibernate\hibernate-c3p0\4.2.0.Final\hibernate-c3p0-4.2.0.Final.jar;C:\Users\lyp\.m2\repository\org\jboss\logging\jboss-logging\3.1.0.GA\jboss-logging-3.1.0.GA.jar;C:\Users\lyp\.m2\repository\org\hibernate\hibernate-core\4.2.0.Final\hibernate-core-4.2.0.Final.jar;C:\Users\lyp\.m2\repository\antlr\antlr\2.7.7\antlr-2.7.7.jar;C:\Users\lyp\.m2\repository\org\jboss\spec\javax\transaction\jboss-transaction-api_1.1_spec\1.0.0.Final\jboss-transaction-api_1.1_spec-1.0.0.Final.jar;C:\Users\lyp\.m2\repository\dom4j\dom4j\1.6.1\dom4j-1.6.1.jar;C:\Users\lyp\.m2\repository\org\hibernate\javax\persistence\hibernate-jpa-2.0-api\1.0.1.Final\hibernate-jpa-2.0-api-1.0.1.Final.jar;C:\Users\lyp\.m2\repository\org\hibernate\common\hibernate-commons-annotations\4.0.1.Final\hibernate-commons-annotations-4.0.1.Final.jar;C:\Users\lyp\.m2\repository\c3p0\c3p0\0.9.1\c3p0-0.9.1.jar;C:\Users\lyp\.m2\repository\org\hibernate\hibernate-validator\4.2.0.Final\hibernate-validator-4.2.0.Final.jar;C:\Users\lyp\.m2\repository\javax\validation\validation-api\1.0.0.GA\validation-api-1.0.0.GA.jar;C:\Users\lyp\.m2\repository\com\oracle\ojdbc6\11\ojdbc6-11.jar;C:\Users\lyp\.m2\repository\cglib\cglib\2.2\cglib-2.2.jar;C:\Users\lyp\.m2\repository\asm\asm\3.1\asm-3.1.jar;C:\Users\lyp\.m2\repository\com\zlebank\zplatform\javabase64\1.3.1\javabase64-1.3.1.jar;C:\Users\lyp\.m2\repository\com\zlebank\zplatform\zplatform-member-coopinsti-api\1.0.0-SNAPSHOT\zplatform-member-coopinsti-api-1.0.0-SNAPSHOT.jar;C:\Users\lyp\.m2\repository\com\alibaba\druid\1.0.26\druid-1.0.26.jar;D:\Program Files\Java\jdk1.8.0_101\lib\jconsole.jar;D:\Program Files\Java\jdk1.8.0_101\lib\tools.jar;C:\Users\lyp\git\zplatform-member-merchant\zplatform-member-merchant-server\target\classes
2016-12-15 18:36:13.835 [ main ] - [ INFO  ] [org.apache.zookeeper.ZooKeeper : 100 ] - Client environment:java.library.path=D:\Program Files\Java\jdk1.8.0_101\bin;C:\Windows\Sun\Java\bin;C:\Windows\system32;C:\Windows;D:/Program Files/Java/jdk1.8.0_101/bin/../jre/bin/server;D:/Program Files/Java/jdk1.8.0_101/bin/../jre/bin;D:/Program Files/Java/jdk1.8.0_101/bin/../jre/lib/amd64;D:\apache-maven-3.3.9\bin;C:\Program Files (x86)\Common Files\NetSarang;G:\home\web\trade;D:\Program Files\Java\jdk1.8.0_101\bin;C:\Program Files (x86)\Intel\iCLS Client\;C:\Program Files\Intel\iCLS Client\;C:\Windows\system32;C:\Windows;C:\Windows\System32\Wbem;C:\Windows\System32\WindowsPowerShell\v1.0\;C:\Program Files\Intel\Intel(R) Management Engine Components\DAL;C:\Program Files\Intel\Intel(R) Management Engine Components\IPT;C:\Program Files (x86)\Intel\Intel(R) Management Engine Components\DAL;C:\Program Files (x86)\Intel\Intel(R) Management Engine Components\IPT;C:\Program Files (x86)\Common Files\Lenovo;C:\SWTOOLS\ReadyApps;D:\Program Files (x86)\Rational\common;D:\svn\bin;D:\testng\apache-ant-1.9.7\bin;D:\eclipse\eclipse;;.
2016-12-15 18:36:13.835 [ main ] - [ INFO  ] [org.apache.zookeeper.ZooKeeper : 100 ] - Client environment:java.io.tmpdir=C:\Users\lyp\AppData\Local\Temp\
2016-12-15 18:36:13.835 [ main ] - [ INFO  ] [org.apache.zookeeper.ZooKeeper : 100 ] - Client environment:java.compiler=<NA>
2016-12-15 18:36:13.835 [ main ] - [ INFO  ] [org.apache.zookeeper.ZooKeeper : 100 ] - Client environment:os.name=Windows 7
2016-12-15 18:36:13.835 [ main ] - [ INFO  ] [org.apache.zookeeper.ZooKeeper : 100 ] - Client environment:os.arch=amd64
2016-12-15 18:36:13.835 [ main ] - [ INFO  ] [org.apache.zookeeper.ZooKeeper : 100 ] - Client environment:os.version=6.1
2016-12-15 18:36:13.835 [ main ] - [ INFO  ] [org.apache.zookeeper.ZooKeeper : 100 ] - Client environment:user.name=lyp
2016-12-15 18:36:13.836 [ main ] - [ INFO  ] [org.apache.zookeeper.ZooKeeper : 100 ] - Client environment:user.home=C:\Users\lyp
2016-12-15 18:36:13.836 [ main ] - [ INFO  ] [org.apache.zookeeper.ZooKeeper : 100 ] - Client environment:user.dir=C:\Users\lyp\git\zplatform-member-merchant\zplatform-member-merchant-server
2016-12-15 18:36:13.836 [ main ] - [ INFO  ] [org.apache.zookeeper.ZooKeeper : 438 ] - Initiating client connection, connectString=192.168.101.104:2181 sessionTimeout=30000 watcher=org.I0Itec.zkclient.ZkClient@2525a5b8
2016-12-15 18:36:13.915 [ main-SendThread(192.168.101.104:2181) ] - [ INFO  ] [org.apache.zookeeper.ClientCnxn : 975 ] - Opening socket connection to server 192.168.101.104/192.168.101.104:2181. Will not attempt to authenticate using SASL (unknown error)
2016-12-15 18:36:13.919 [ main-SendThread(192.168.101.104:2181) ] - [ INFO  ] [org.apache.zookeeper.ClientCnxn : 852 ] - Socket connection established to 192.168.101.104/192.168.101.104:2181, initiating session
2016-12-15 18:36:13.937 [ main-SendThread(192.168.101.104:2181) ] - [ INFO  ] [org.apache.zookeeper.ClientCnxn : 1235 ] - Session establishment complete on server 192.168.101.104/192.168.101.104:2181, sessionid = 0x1585ea4ee37054f, negotiated timeout = 30000
2016-12-15 18:36:14.517 [ main ] - [ INFO  ] [o.s.orm.hibernate4.HibernateTransactionManager : 360 ] - Using DataSource [{
	CreateTime:"2016-12-15 18:36:10",
	ActiveCount:0,
	PoolingCount:1,
	CreateCount:1,
	DestroyCount:0,
	CloseCount:0,
	ConnectCount:0,
	Connections:[
		{ID:1309956586, ConnectTime:"2016-12-15 18:36:12", UseCount:0, LastActiveTime:"2016-12-15 18:36:12"}
	]
}

[
	{
	ID:1309956586, 
	poolStatements:[
		]
	}
]] of Hibernate SessionFactory for HibernateTransactionManager
