2016-12-16 09:33:44.940 [ main ] - [ INFO  ] [o.s.context.support.ClassPathXmlApplicationContext : 573 ] - Refreshing org.springframework.context.support.ClassPathXmlApplicationContext@75db5df9: startup date [Fri Dec 16 09:33:44 CST 2016]; root of context hierarchy
2016-12-16 09:33:45.005 [ main ] - [ INFO  ] [o.s.beans.factory.xml.XmlBeanDefinitionReader : 317 ] - Loading XML bean definitions from file [C:\Users\lyp\git\zplatform-member-merchant\zplatform-member-merchant-server\target\classes\META-INF\spring\spring-context.xml]
2016-12-16 09:33:49.919 [ main ] - [ INFO  ] [o.s.beans.factory.xml.XmlBeanDefinitionReader : 317 ] - Loading XML bean definitions from class path resource [spring-hibernate.xml]
2016-12-16 09:33:50.003 [ main ] - [ INFO  ] [o.s.beans.factory.xml.XmlBeanDefinitionReader : 317 ] - Loading XML bean definitions from class path resource [spring-dubbo-provider.xml]
2016-12-16 09:33:50.050 [ main ] - [ INFO  ] [o.s.beans.factory.xml.XmlBeanDefinitionReader : 317 ] - Loading XML bean definitions from class path resource [spring-dubbo-consumer.xml]
2016-12-16 09:33:50.230 [ main ] - [ INFO  ] [o.s.b.factory.config.PropertyPlaceholderConfigurer : 172 ] - Loading properties file from file [D:\cert\database.properties]
2016-12-16 09:33:53.701 [ main ] - [ INFO  ] [org.apache.zookeeper.ZooKeeper : 100 ] - Client environment:zookeeper.version=3.4.6-1569965, built on 02/20/2014 09:09 GMT
2016-12-16 09:33:53.702 [ main ] - [ INFO  ] [org.apache.zookeeper.ZooKeeper : 100 ] - Client environment:host.name=lyp-PC
2016-12-16 09:33:53.702 [ main ] - [ INFO  ] [org.apache.zookeeper.ZooKeeper : 100 ] - Client environment:java.version=1.8.0_101
2016-12-16 09:33:53.702 [ main ] - [ INFO  ] [org.apache.zookeeper.ZooKeeper : 100 ] - Client environment:java.vendor=Oracle Corporation
2016-12-16 09:33:53.702 [ main ] - [ INFO  ] [org.apache.zookeeper.ZooKeeper : 100 ] - Client environment:java.home=D:\Program Files\Java\jdk1.8.0_101\jre
2016-12-16 09:33:53.702 [ main ] - [ INFO  ] [org.apache.zookeeper.ZooKeeper : 100 ] - Client environment:java.class.path=C:\Users\lyp\.m2\repository\com\alibaba\dubbo\2.5.3\dubbo-2.5.3.jar;C:\Users\lyp\.m2\repository\org\javassist\javassist\3.15.0-GA\javassist-3.15.0-GA.jar;C:\Users\lyp\.m2\repository\org\jboss\netty\netty\3.2.5.Final\netty-3.2.5.Final.jar;C:\Users\lyp\.m2\repository\org\apache\zookeeper\zookeeper\3.4.6\zookeeper-3.4.6.jar;C:\Users\lyp\.m2\repository\log4j\log4j\1.2.16\log4j-1.2.16.jar;C:\Users\lyp\.m2\repository\jline\jline\0.9.94\jline-0.9.94.jar;C:\Users\lyp\.m2\repository\io\netty\netty\3.7.0.Final\netty-3.7.0.Final.jar;C:\Users\lyp\.m2\repository\com\github\sgroschupf\zkclient\0.1\zkclient-0.1.jar;C:\Users\lyp\.m2\repository\org\springframework\spring-test\4.2.0.RELEASE\spring-test-4.2.0.RELEASE.jar;C:\Users\lyp\.m2\repository\org\springframework\spring-core\4.2.0.RELEASE\spring-core-4.2.0.RELEASE.jar;C:\Users\lyp\.m2\repository\org\springframework\spring-web\4.2.0.RELEASE\spring-web-4.2.0.RELEASE.jar;C:\Users\lyp\.m2\repository\org\springframework\spring-aop\4.2.0.RELEASE\spring-aop-4.2.0.RELEASE.jar;C:\Users\lyp\.m2\repository\aopalliance\aopalliance\1.0\aopalliance-1.0.jar;C:\Users\lyp\.m2\repository\org\springframework\spring-beans\4.2.0.RELEASE\spring-beans-4.2.0.RELEASE.jar;C:\Users\lyp\.m2\repository\org\springframework\spring-context\4.2.0.RELEASE\spring-context-4.2.0.RELEASE.jar;C:\Users\lyp\.m2\repository\org\springframework\spring-expression\4.2.0.RELEASE\spring-expression-4.2.0.RELEASE.jar;C:\Users\lyp\.m2\repository\org\cheffo\jeplite\0.8.7a\jeplite-0.8.7a.jar;C:\Users\lyp\.m2\repository\net\sf\json-lib\json-lib\2.4\json-lib-2.4-jdk15.jar;C:\Users\lyp\.m2\repository\commons-beanutils\commons-beanutils\1.8.0\commons-beanutils-1.8.0.jar;C:\Users\lyp\.m2\repository\commons-collections\commons-collections\3.2.1\commons-collections-3.2.1.jar;C:\Users\lyp\.m2\repository\commons-lang\commons-lang\2.5\commons-lang-2.5.jar;C:\Users\lyp\.m2\repository\commons-logging\commons-logging\1.1.1\commons-logging-1.1.1.jar;C:\Users\lyp\.m2\repository\net\sf\ezmorph\ezmorph\1.0.6\ezmorph-1.0.6.jar;C:\Users\lyp\.m2\repository\org\slf4j\slf4j-api\1.7.7\slf4j-api-1.7.7.jar;C:\Users\lyp\.m2\repository\ch\qos\logback\logback-core\1.1.3\logback-core-1.1.3.jar;C:\Users\lyp\.m2\repository\ch\qos\logback\logback-classic\1.1.3\logback-classic-1.1.3.jar;C:\Users\lyp\.m2\repository\org\slf4j\slf4j-log4j12\1.7.21\slf4j-log4j12-1.7.21.jar;C:\Users\lyp\.m2\repository\org\slf4j\log4j-over-slf4j\1.7.21\log4j-over-slf4j-1.7.21.jar;C:\Users\lyp\.m2\repository\org\slf4j\jcl-over-slf4j\1.7.21\jcl-over-slf4j-1.7.21.jar;C:\Users\lyp\git\zplatform-member-individual\zplatform-member-individual-api\target\classes;C:\Users\lyp\.m2\repository\com\zlebank\zplatform\zplatform-member-commons-api\1.0.0-SNAPSHOT\zplatform-member-commons-api-1.0.0-SNAPSHOT.jar;C:\Users\lyp\.m2\repository\com\alibaba\fastjson\1.2.7\fastjson-1.2.7.jar;C:\Users\lyp\.m2\repository\com\google\guava\guava\19.0\guava-19.0.jar;C:\Users\lyp\git\zplatform-acc-service\zplatform-acc-bean\target\classes;C:\Users\lyp\git\zplatform-member-merchant\zplatform-member-merchant-api\target\classes;C:\Users\lyp\.m2\repository\com\zlebank\zplatform\zplatform-member\1.7.0-RELEASE\zplatform-member-1.7.0-RELEASE.jar;C:\Users\lyp\.m2\repository\com\zlebank\zplatform\zplatform-acc\1.7.0-RELEASE\zplatform-acc-1.7.0-RELEASE.jar;C:\Users\lyp\.m2\repository\net\sourceforge\jexcelapi\jxl\2.6.10\jxl-2.6.10.jar;C:\Users\lyp\.m2\repository\org\quartz-scheduler\quartz\2.2.1\quartz-2.2.1.jar;C:\Users\lyp\.m2\repository\org\quartz-scheduler\quartz-jobs\2.2.1\quartz-jobs-2.2.1.jar;C:\Users\lyp\.m2\repository\com\zlebank\zplatform\zplatform-member-api\1.7.0-RELEASE\zplatform-member-api-1.7.0-RELEASE.jar;C:\Users\lyp\.m2\repository\com\zlebank\zplatform\zplatform-commons\1.4.0-SNAPSHOT\zplatform-commons-1.4.0-SNAPSHOT.jar;C:\Users\lyp\.m2\repository\commons-httpclient\commons-httpclient\3.1\commons-httpclient-3.1.jar;C:\Users\lyp\.m2\repository\commons-codec\commons-codec\1.2\commons-codec-1.2.jar;C:\Users\lyp\.m2\repository\com\zlebank\zplatform\zplatform-member-commons\1.0.0-SNAPSHOT\zplatform-member-commons-1.0.0-SNAPSHOT.jar;C:\Users\lyp\.m2\repository\org\springframework\spring-context-support\4.2.0.RELEASE\spring-context-support-4.2.0.RELEASE.jar;C:\Users\lyp\.m2\repository\org\springframework\spring-orm\4.2.0.RELEASE\spring-orm-4.2.0.RELEASE.jar;C:\Users\lyp\.m2\repository\org\springframework\spring-jdbc\4.2.0.RELEASE\spring-jdbc-4.2.0.RELEASE.jar;C:\Users\lyp\.m2\repository\org\springframework\spring-tx\4.2.0.RELEASE\spring-tx-4.2.0.RELEASE.jar;C:\Users\lyp\.m2\repository\org\springframework\spring-aspects\4.2.0.RELEASE\spring-aspects-4.2.0.RELEASE.jar;C:\Users\lyp\.m2\repository\org\aspectj\aspectjweaver\1.8.6\aspectjweaver-1.8.6.jar;C:\Users\lyp\.m2\repository\commons-net\commons-net\3.3\commons-net-3.3.jar;C:\Users\lyp\.m2\repository\org\hibernate\hibernate-c3p0\4.2.0.Final\hibernate-c3p0-4.2.0.Final.jar;C:\Users\lyp\.m2\repository\org\jboss\logging\jboss-logging\3.1.0.GA\jboss-logging-3.1.0.GA.jar;C:\Users\lyp\.m2\repository\org\hibernate\hibernate-core\4.2.0.Final\hibernate-core-4.2.0.Final.jar;C:\Users\lyp\.m2\repository\antlr\antlr\2.7.7\antlr-2.7.7.jar;C:\Users\lyp\.m2\repository\org\jboss\spec\javax\transaction\jboss-transaction-api_1.1_spec\1.0.0.Final\jboss-transaction-api_1.1_spec-1.0.0.Final.jar;C:\Users\lyp\.m2\repository\dom4j\dom4j\1.6.1\dom4j-1.6.1.jar;C:\Users\lyp\.m2\repository\org\hibernate\javax\persistence\hibernate-jpa-2.0-api\1.0.1.Final\hibernate-jpa-2.0-api-1.0.1.Final.jar;C:\Users\lyp\.m2\repository\org\hibernate\common\hibernate-commons-annotations\4.0.1.Final\hibernate-commons-annotations-4.0.1.Final.jar;C:\Users\lyp\.m2\repository\c3p0\c3p0\0.9.1\c3p0-0.9.1.jar;C:\Users\lyp\.m2\repository\org\hibernate\hibernate-validator\4.2.0.Final\hibernate-validator-4.2.0.Final.jar;C:\Users\lyp\.m2\repository\javax\validation\validation-api\1.0.0.GA\validation-api-1.0.0.GA.jar;C:\Users\lyp\.m2\repository\com\oracle\ojdbc6\11\ojdbc6-11.jar;C:\Users\lyp\.m2\repository\cglib\cglib\2.2\cglib-2.2.jar;C:\Users\lyp\.m2\repository\asm\asm\3.1\asm-3.1.jar;C:\Users\lyp\.m2\repository\com\zlebank\zplatform\javabase64\1.3.1\javabase64-1.3.1.jar;C:\Users\lyp\.m2\repository\com\zlebank\zplatform\zplatform-member-coopinsti-api\1.0.0-SNAPSHOT\zplatform-member-coopinsti-api-1.0.0-SNAPSHOT.jar;C:\Users\lyp\.m2\repository\com\alibaba\druid\1.0.26\druid-1.0.26.jar;D:\Program Files\Java\jdk1.8.0_101\lib\jconsole.jar;D:\Program Files\Java\jdk1.8.0_101\lib\tools.jar;C:\Users\lyp\git\zplatform-member-merchant\zplatform-member-merchant-server\target\classes
2016-12-16 09:33:53.703 [ main ] - [ INFO  ] [org.apache.zookeeper.ZooKeeper : 100 ] - Client environment:java.library.path=D:\Program Files\Java\jdk1.8.0_101\bin;C:\Windows\Sun\Java\bin;C:\Windows\system32;C:\Windows;D:\Program Files\Java\jdk1.8.0_101\jre\bin;D:/Program Files/Java/jdk1.8.0_101/bin/../jre/bin/server;D:/Program Files/Java/jdk1.8.0_101/bin/../jre/bin;D:/Program Files/Java/jdk1.8.0_101/bin/../jre/lib/amd64;D:\apache-maven-3.3.9\bin;C:\Program Files (x86)\Common Files\NetSarang;G:\home\web\trade;D:\Program Files\Java\jdk1.8.0_101\bin;C:\Program Files (x86)\Intel\iCLS Client\;C:\Program Files\Intel\iCLS Client\;C:\Windows\system32;C:\Windows;C:\Windows\System32\Wbem;C:\Windows\System32\WindowsPowerShell\v1.0\;C:\Program Files\Intel\Intel(R) Management Engine Components\DAL;C:\Program Files\Intel\Intel(R) Management Engine Components\IPT;C:\Program Files (x86)\Intel\Intel(R) Management Engine Components\DAL;C:\Program Files (x86)\Intel\Intel(R) Management Engine Components\IPT;C:\Program Files (x86)\Common Files\Lenovo;C:\SWTOOLS\ReadyApps;D:\Program Files (x86)\Rational\common;D:\svn\bin;D:\testng\apache-ant-1.9.7\bin;D:\eclipse\eclipse;;.
2016-12-16 09:33:53.703 [ main ] - [ INFO  ] [org.apache.zookeeper.ZooKeeper : 100 ] - Client environment:java.io.tmpdir=C:\Users\lyp\AppData\Local\Temp\
2016-12-16 09:33:53.703 [ main ] - [ INFO  ] [org.apache.zookeeper.ZooKeeper : 100 ] - Client environment:java.compiler=<NA>
2016-12-16 09:33:53.703 [ main ] - [ INFO  ] [org.apache.zookeeper.ZooKeeper : 100 ] - Client environment:os.name=Windows 7
2016-12-16 09:33:53.703 [ main ] - [ INFO  ] [org.apache.zookeeper.ZooKeeper : 100 ] - Client environment:os.arch=amd64
2016-12-16 09:33:53.703 [ main ] - [ INFO  ] [org.apache.zookeeper.ZooKeeper : 100 ] - Client environment:os.version=6.1
2016-12-16 09:33:53.704 [ main ] - [ INFO  ] [org.apache.zookeeper.ZooKeeper : 100 ] - Client environment:user.name=lyp
2016-12-16 09:33:53.704 [ main ] - [ INFO  ] [org.apache.zookeeper.ZooKeeper : 100 ] - Client environment:user.home=C:\Users\lyp
2016-12-16 09:33:53.704 [ main ] - [ INFO  ] [org.apache.zookeeper.ZooKeeper : 100 ] - Client environment:user.dir=C:\Users\lyp\git\zplatform-member-merchant\zplatform-member-merchant-server
2016-12-16 09:33:53.706 [ main ] - [ INFO  ] [org.apache.zookeeper.ZooKeeper : 438 ] - Initiating client connection, connectString=192.168.101.104:2181 sessionTimeout=30000 watcher=org.I0Itec.zkclient.ZkClient@3a861417
2016-12-16 09:33:53.852 [ main-SendThread(192.168.101.104:2181) ] - [ INFO  ] [org.apache.zookeeper.ClientCnxn : 975 ] - Opening socket connection to server 192.168.101.104/192.168.101.104:2181. Will not attempt to authenticate using SASL (unknown error)
2016-12-16 09:33:53.854 [ main-SendThread(192.168.101.104:2181) ] - [ INFO  ] [org.apache.zookeeper.ClientCnxn : 852 ] - Socket connection established to 192.168.101.104/192.168.101.104:2181, initiating session
2016-12-16 09:33:53.868 [ main-SendThread(192.168.101.104:2181) ] - [ INFO  ] [org.apache.zookeeper.ClientCnxn : 1235 ] - Session establishment complete on server 192.168.101.104/192.168.101.104:2181, sessionid = 0x1585ea4ee370551, negotiated timeout = 30000
2016-12-16 09:33:54.674 [ main ] - [ INFO  ] [o.s.orm.hibernate4.HibernateTransactionManager : 360 ] - Using DataSource [{
	CreateTime:"2016-12-16 09:33:50",
	ActiveCount:0,
	PoolingCount:1,
	CreateCount:1,
	DestroyCount:0,
	CloseCount:0,
	ConnectCount:0,
	Connections:[
		{ID:569022831, ConnectTime:"2016-12-16 09:33:51", UseCount:0, LastActiveTime:"2016-12-16 09:33:51"}
	]
}

[
	{
	ID:569022831, 
	poolStatements:[
		]
	}
]] of Hibernate SessionFactory for HibernateTransactionManager
2016-12-16 09:39:59.127 [ DubboServerHandler-192.168.17.197:20892-thread-5 ] - [ INFO  ] [c.z.z.m.merchant.service.impl.ManagerServiceImpl : 69 ] - addManager()
2016-12-16 09:39:59.127 [ DubboServerHandler-192.168.17.197:20892-thread-5 ] - [ INFO  ] [c.z.z.m.merchant.service.impl.ManagerServiceImpl : 69 ] - addManager()
2016-12-16 09:39:59.515 [ DubboServerHandler-192.168.17.197:20892-thread-5 ] - [ INFO  ] [c.z.z.m.merchant.service.impl.ManagerServiceImpl : 74 ] - 【参数1】{"memId":0,"selfId":0}
2016-12-16 09:39:59.515 [ DubboServerHandler-192.168.17.197:20892-thread-5 ] - [ INFO  ] [c.z.z.m.merchant.service.impl.ManagerServiceImpl : 74 ] - 【参数1】{"memId":0,"selfId":0}
2016-12-16 09:40:29.673 [ DubboServerHandler-192.168.17.197:20892-thread-5 ] - [ ERROR ] [c.z.z.m.merchant.service.impl.ManagerServiceImpl : 108 ] - 【发生异常】
2016-12-16 09:40:29.673 [ DubboServerHandler-192.168.17.197:20892-thread-5 ] - [ ERROR ] [c.z.z.m.merchant.service.impl.ManagerServiceImpl : 108 ] - 【发生异常】
2016-12-16 09:40:29.694 [ DubboServerHandler-192.168.17.197:20892-thread-5 ] - [ ERROR ] [c.z.z.m.merchant.service.impl.ManagerServiceImpl : 109 ] - null
java.lang.NullPointerException: null
	at com.zlebank.zplatform.member.merchant.service.impl.ManagerServiceImpl.addManager(ManagerServiceImpl.java:46) ~[classes/:na]
	at sun.reflect.NativeMethodAccessorImpl.invoke0(Native Method) ~[na:1.8.0_101]
	at sun.reflect.NativeMethodAccessorImpl.invoke(NativeMethodAccessorImpl.java:62) ~[na:1.8.0_101]
	at sun.reflect.DelegatingMethodAccessorImpl.invoke(DelegatingMethodAccessorImpl.java:43) ~[na:1.8.0_101]
	at java.lang.reflect.Method.invoke(Method.java:498) ~[na:1.8.0_101]
	at org.springframework.aop.support.AopUtils.invokeJoinpointUsingReflection(AopUtils.java:302) ~[spring-aop-4.2.0.RELEASE.jar:4.2.0.RELEASE]
	at org.springframework.aop.framework.ReflectiveMethodInvocation.invokeJoinpoint(ReflectiveMethodInvocation.java:190) ~[spring-aop-4.2.0.RELEASE.jar:4.2.0.RELEASE]
	at org.springframework.aop.framework.ReflectiveMethodInvocation.proceed(ReflectiveMethodInvocation.java:157) ~[spring-aop-4.2.0.RELEASE.jar:4.2.0.RELEASE]
	at org.springframework.aop.aspectj.AspectJAfterThrowingAdvice.invoke(AspectJAfterThrowingAdvice.java:58) ~[spring-aop-4.2.0.RELEASE.jar:4.2.0.RELEASE]
	at org.springframework.aop.framework.ReflectiveMethodInvocation.proceed(ReflectiveMethodInvocation.java:179) ~[spring-aop-4.2.0.RELEASE.jar:4.2.0.RELEASE]
	at org.springframework.aop.aspectj.MethodInvocationProceedingJoinPoint.proceed(MethodInvocationProceedingJoinPoint.java:97) ~[spring-aop-4.2.0.RELEASE.jar:4.2.0.RELEASE]
	at com.zlebank.zplatform.member.merchant.aop.LogHelper.around(LogHelper.java:51) ~[classes/:na]
	at sun.reflect.NativeMethodAccessorImpl.invoke0(Native Method) ~[na:1.8.0_101]
	at sun.reflect.NativeMethodAccessorImpl.invoke(NativeMethodAccessorImpl.java:62) ~[na:1.8.0_101]
	at sun.reflect.DelegatingMethodAccessorImpl.invoke(DelegatingMethodAccessorImpl.java:43) ~[na:1.8.0_101]
	at java.lang.reflect.Method.invoke(Method.java:498) ~[na:1.8.0_101]
	at org.springframework.aop.aspectj.AbstractAspectJAdvice.invokeAdviceMethodWithGivenArgs(AbstractAspectJAdvice.java:621) [spring-aop-4.2.0.RELEASE.jar:4.2.0.RELEASE]
	at org.springframework.aop.aspectj.AbstractAspectJAdvice.invokeAdviceMethod(AbstractAspectJAdvice.java:610) [spring-aop-4.2.0.RELEASE.jar:4.2.0.RELEASE]
	at org.springframework.aop.aspectj.AspectJAroundAdvice.invoke(AspectJAroundAdvice.java:68) [spring-aop-4.2.0.RELEASE.jar:4.2.0.RELEASE]
	at org.springframework.aop.framework.ReflectiveMethodInvocation.proceed(ReflectiveMethodInvocation.java:179) ~[spring-aop-4.2.0.RELEASE.jar:4.2.0.RELEASE]
	at org.springframework.aop.aspectj.AspectJAfterAdvice.invoke(AspectJAfterAdvice.java:43) [spring-aop-4.2.0.RELEASE.jar:4.2.0.RELEASE]
	at org.springframework.aop.framework.ReflectiveMethodInvocation.proceed(ReflectiveMethodInvocation.java:179) ~[spring-aop-4.2.0.RELEASE.jar:4.2.0.RELEASE]
	at org.springframework.aop.framework.adapter.MethodBeforeAdviceInterceptor.invoke(MethodBeforeAdviceInterceptor.java:52) [spring-aop-4.2.0.RELEASE.jar:4.2.0.RELEASE]
	at org.springframework.aop.framework.ReflectiveMethodInvocation.proceed(ReflectiveMethodInvocation.java:179) ~[spring-aop-4.2.0.RELEASE.jar:4.2.0.RELEASE]
	at org.springframework.aop.interceptor.ExposeInvocationInterceptor.invoke(ExposeInvocationInterceptor.java:92) [spring-aop-4.2.0.RELEASE.jar:4.2.0.RELEASE]
	at org.springframework.aop.framework.ReflectiveMethodInvocation.proceed(ReflectiveMethodInvocation.java:179) ~[spring-aop-4.2.0.RELEASE.jar:4.2.0.RELEASE]
	at org.springframework.aop.framework.JdkDynamicAopProxy.invoke(JdkDynamicAopProxy.java:207) [spring-aop-4.2.0.RELEASE.jar:4.2.0.RELEASE]
	at com.sun.proxy.$Proxy47.addManager(Unknown Source) [na:na]
	at com.alibaba.dubbo.common.bytecode.Wrapper11.invokeMethod(Wrapper11.java) [na:2.5.3]
	at com.alibaba.dubbo.rpc.proxy.javassist.JavassistProxyFactory$1.doInvoke(JavassistProxyFactory.java:46) [dubbo-2.5.3.jar:2.5.3]
	at com.alibaba.dubbo.rpc.proxy.AbstractProxyInvoker.invoke(AbstractProxyInvoker.java:72) [dubbo-2.5.3.jar:2.5.3]
	at com.alibaba.dubbo.rpc.protocol.InvokerWrapper.invoke(InvokerWrapper.java:53) [dubbo-2.5.3.jar:2.5.3]
	at com.alibaba.dubbo.rpc.filter.ExceptionFilter.invoke(ExceptionFilter.java:64) [dubbo-2.5.3.jar:2.5.3]
	at com.alibaba.dubbo.rpc.protocol.ProtocolFilterWrapper$1.invoke(ProtocolFilterWrapper.java:91) [dubbo-2.5.3.jar:2.5.3]
	at com.alibaba.dubbo.monitor.support.MonitorFilter.invoke(MonitorFilter.java:75) [dubbo-2.5.3.jar:2.5.3]
	at com.alibaba.dubbo.rpc.protocol.ProtocolFilterWrapper$1.invoke(ProtocolFilterWrapper.java:91) [dubbo-2.5.3.jar:2.5.3]
	at com.alibaba.dubbo.rpc.filter.TimeoutFilter.invoke(TimeoutFilter.java:42) [dubbo-2.5.3.jar:2.5.3]
	at com.alibaba.dubbo.rpc.protocol.ProtocolFilterWrapper$1.invoke(ProtocolFilterWrapper.java:91) [dubbo-2.5.3.jar:2.5.3]
	at com.alibaba.dubbo.rpc.protocol.dubbo.filter.TraceFilter.invoke(TraceFilter.java:78) [dubbo-2.5.3.jar:2.5.3]
	at com.alibaba.dubbo.rpc.protocol.ProtocolFilterWrapper$1.invoke(ProtocolFilterWrapper.java:91) [dubbo-2.5.3.jar:2.5.3]
	at com.alibaba.dubbo.rpc.filter.ContextFilter.invoke(ContextFilter.java:60) [dubbo-2.5.3.jar:2.5.3]
	at com.alibaba.dubbo.rpc.protocol.ProtocolFilterWrapper$1.invoke(ProtocolFilterWrapper.java:91) [dubbo-2.5.3.jar:2.5.3]
	at com.alibaba.dubbo.rpc.filter.GenericFilter.invoke(GenericFilter.java:112) [dubbo-2.5.3.jar:2.5.3]
	at com.alibaba.dubbo.rpc.protocol.ProtocolFilterWrapper$1.invoke(ProtocolFilterWrapper.java:91) [dubbo-2.5.3.jar:2.5.3]
	at com.alibaba.dubbo.rpc.filter.ClassLoaderFilter.invoke(ClassLoaderFilter.java:38) [dubbo-2.5.3.jar:2.5.3]
	at com.alibaba.dubbo.rpc.protocol.ProtocolFilterWrapper$1.invoke(ProtocolFilterWrapper.java:91) [dubbo-2.5.3.jar:2.5.3]
	at com.alibaba.dubbo.rpc.filter.EchoFilter.invoke(EchoFilter.java:38) [dubbo-2.5.3.jar:2.5.3]
	at com.alibaba.dubbo.rpc.protocol.ProtocolFilterWrapper$1.invoke(ProtocolFilterWrapper.java:91) [dubbo-2.5.3.jar:2.5.3]
	at com.alibaba.dubbo.rpc.protocol.dubbo.DubboProtocol$1.reply(DubboProtocol.java:108) [dubbo-2.5.3.jar:2.5.3]
	at com.alibaba.dubbo.remoting.exchange.support.header.HeaderExchangeHandler.handleRequest(HeaderExchangeHandler.java:84) [dubbo-2.5.3.jar:2.5.3]
	at com.alibaba.dubbo.remoting.exchange.support.header.HeaderExchangeHandler.received(HeaderExchangeHandler.java:170) [dubbo-2.5.3.jar:2.5.3]
	at com.alibaba.dubbo.remoting.transport.DecodeHandler.received(DecodeHandler.java:52) [dubbo-2.5.3.jar:2.5.3]
	at com.alibaba.dubbo.remoting.transport.dispatcher.ChannelEventRunnable.run(ChannelEventRunnable.java:82) [dubbo-2.5.3.jar:2.5.3]
	at java.util.concurrent.ThreadPoolExecutor.runWorker(ThreadPoolExecutor.java:1142) [na:1.8.0_101]
	at java.util.concurrent.ThreadPoolExecutor$Worker.run(ThreadPoolExecutor.java:617) [na:1.8.0_101]
	at java.lang.Thread.run(Thread.java:745) [na:1.8.0_101]
2016-12-16 09:40:29.694 [ DubboServerHandler-192.168.17.197:20892-thread-5 ] - [ ERROR ] [c.z.z.m.merchant.service.impl.ManagerServiceImpl : 109 ] - null
java.lang.NullPointerException: null
	at com.zlebank.zplatform.member.merchant.service.impl.ManagerServiceImpl.addManager(ManagerServiceImpl.java:46) ~[classes/:na]
	at sun.reflect.NativeMethodAccessorImpl.invoke0(Native Method) ~[na:1.8.0_101]
	at sun.reflect.NativeMethodAccessorImpl.invoke(NativeMethodAccessorImpl.java:62) ~[na:1.8.0_101]
	at sun.reflect.DelegatingMethodAccessorImpl.invoke(DelegatingMethodAccessorImpl.java:43) ~[na:1.8.0_101]
	at java.lang.reflect.Method.invoke(Method.java:498) ~[na:1.8.0_101]
	at org.springframework.aop.support.AopUtils.invokeJoinpointUsingReflection(AopUtils.java:302) ~[spring-aop-4.2.0.RELEASE.jar:4.2.0.RELEASE]
	at org.springframework.aop.framework.ReflectiveMethodInvocation.invokeJoinpoint(ReflectiveMethodInvocation.java:190) ~[spring-aop-4.2.0.RELEASE.jar:4.2.0.RELEASE]
	at org.springframework.aop.framework.ReflectiveMethodInvocation.proceed(ReflectiveMethodInvocation.java:157) ~[spring-aop-4.2.0.RELEASE.jar:4.2.0.RELEASE]
	at org.springframework.aop.aspectj.AspectJAfterThrowingAdvice.invoke(AspectJAfterThrowingAdvice.java:58) ~[spring-aop-4.2.0.RELEASE.jar:4.2.0.RELEASE]
	at org.springframework.aop.framework.ReflectiveMethodInvocation.proceed(ReflectiveMethodInvocation.java:179) ~[spring-aop-4.2.0.RELEASE.jar:4.2.0.RELEASE]
	at org.springframework.aop.aspectj.MethodInvocationProceedingJoinPoint.proceed(MethodInvocationProceedingJoinPoint.java:97) ~[spring-aop-4.2.0.RELEASE.jar:4.2.0.RELEASE]
	at com.zlebank.zplatform.member.merchant.aop.LogHelper.around(LogHelper.java:51) ~[classes/:na]
	at sun.reflect.NativeMethodAccessorImpl.invoke0(Native Method) ~[na:1.8.0_101]
	at sun.reflect.NativeMethodAccessorImpl.invoke(NativeMethodAccessorImpl.java:62) ~[na:1.8.0_101]
	at sun.reflect.DelegatingMethodAccessorImpl.invoke(DelegatingMethodAccessorImpl.java:43) ~[na:1.8.0_101]
	at java.lang.reflect.Method.invoke(Method.java:498) ~[na:1.8.0_101]
	at org.springframework.aop.aspectj.AbstractAspectJAdvice.invokeAdviceMethodWithGivenArgs(AbstractAspectJAdvice.java:621) [spring-aop-4.2.0.RELEASE.jar:4.2.0.RELEASE]
	at org.springframework.aop.aspectj.AbstractAspectJAdvice.invokeAdviceMethod(AbstractAspectJAdvice.java:610) [spring-aop-4.2.0.RELEASE.jar:4.2.0.RELEASE]
	at org.springframework.aop.aspectj.AspectJAroundAdvice.invoke(AspectJAroundAdvice.java:68) [spring-aop-4.2.0.RELEASE.jar:4.2.0.RELEASE]
	at org.springframework.aop.framework.ReflectiveMethodInvocation.proceed(ReflectiveMethodInvocation.java:179) ~[spring-aop-4.2.0.RELEASE.jar:4.2.0.RELEASE]
	at org.springframework.aop.aspectj.AspectJAfterAdvice.invoke(AspectJAfterAdvice.java:43) [spring-aop-4.2.0.RELEASE.jar:4.2.0.RELEASE]
	at org.springframework.aop.framework.ReflectiveMethodInvocation.proceed(ReflectiveMethodInvocation.java:179) ~[spring-aop-4.2.0.RELEASE.jar:4.2.0.RELEASE]
	at org.springframework.aop.framework.adapter.MethodBeforeAdviceInterceptor.invoke(MethodBeforeAdviceInterceptor.java:52) [spring-aop-4.2.0.RELEASE.jar:4.2.0.RELEASE]
	at org.springframework.aop.framework.ReflectiveMethodInvocation.proceed(ReflectiveMethodInvocation.java:179) ~[spring-aop-4.2.0.RELEASE.jar:4.2.0.RELEASE]
	at org.springframework.aop.interceptor.ExposeInvocationInterceptor.invoke(ExposeInvocationInterceptor.java:92) [spring-aop-4.2.0.RELEASE.jar:4.2.0.RELEASE]
	at org.springframework.aop.framework.ReflectiveMethodInvocation.proceed(ReflectiveMethodInvocation.java:179) ~[spring-aop-4.2.0.RELEASE.jar:4.2.0.RELEASE]
	at org.springframework.aop.framework.JdkDynamicAopProxy.invoke(JdkDynamicAopProxy.java:207) [spring-aop-4.2.0.RELEASE.jar:4.2.0.RELEASE]
	at com.sun.proxy.$Proxy47.addManager(Unknown Source) [na:na]
	at com.alibaba.dubbo.common.bytecode.Wrapper11.invokeMethod(Wrapper11.java) [na:2.5.3]
	at com.alibaba.dubbo.rpc.proxy.javassist.JavassistProxyFactory$1.doInvoke(JavassistProxyFactory.java:46) [dubbo-2.5.3.jar:2.5.3]
	at com.alibaba.dubbo.rpc.proxy.AbstractProxyInvoker.invoke(AbstractProxyInvoker.java:72) [dubbo-2.5.3.jar:2.5.3]
	at com.alibaba.dubbo.rpc.protocol.InvokerWrapper.invoke(InvokerWrapper.java:53) [dubbo-2.5.3.jar:2.5.3]
	at com.alibaba.dubbo.rpc.filter.ExceptionFilter.invoke(ExceptionFilter.java:64) [dubbo-2.5.3.jar:2.5.3]
	at com.alibaba.dubbo.rpc.protocol.ProtocolFilterWrapper$1.invoke(ProtocolFilterWrapper.java:91) [dubbo-2.5.3.jar:2.5.3]
	at com.alibaba.dubbo.monitor.support.MonitorFilter.invoke(MonitorFilter.java:75) [dubbo-2.5.3.jar:2.5.3]
	at com.alibaba.dubbo.rpc.protocol.ProtocolFilterWrapper$1.invoke(ProtocolFilterWrapper.java:91) [dubbo-2.5.3.jar:2.5.3]
	at com.alibaba.dubbo.rpc.filter.TimeoutFilter.invoke(TimeoutFilter.java:42) [dubbo-2.5.3.jar:2.5.3]
	at com.alibaba.dubbo.rpc.protocol.ProtocolFilterWrapper$1.invoke(ProtocolFilterWrapper.java:91) [dubbo-2.5.3.jar:2.5.3]
	at com.alibaba.dubbo.rpc.protocol.dubbo.filter.TraceFilter.invoke(TraceFilter.java:78) [dubbo-2.5.3.jar:2.5.3]
	at com.alibaba.dubbo.rpc.protocol.ProtocolFilterWrapper$1.invoke(ProtocolFilterWrapper.java:91) [dubbo-2.5.3.jar:2.5.3]
	at com.alibaba.dubbo.rpc.filter.ContextFilter.invoke(ContextFilter.java:60) [dubbo-2.5.3.jar:2.5.3]
	at com.alibaba.dubbo.rpc.protocol.ProtocolFilterWrapper$1.invoke(ProtocolFilterWrapper.java:91) [dubbo-2.5.3.jar:2.5.3]
	at com.alibaba.dubbo.rpc.filter.GenericFilter.invoke(GenericFilter.java:112) [dubbo-2.5.3.jar:2.5.3]
	at com.alibaba.dubbo.rpc.protocol.ProtocolFilterWrapper$1.invoke(ProtocolFilterWrapper.java:91) [dubbo-2.5.3.jar:2.5.3]
	at com.alibaba.dubbo.rpc.filter.ClassLoaderFilter.invoke(ClassLoaderFilter.java:38) [dubbo-2.5.3.jar:2.5.3]
	at com.alibaba.dubbo.rpc.protocol.ProtocolFilterWrapper$1.invoke(ProtocolFilterWrapper.java:91) [dubbo-2.5.3.jar:2.5.3]
	at com.alibaba.dubbo.rpc.filter.EchoFilter.invoke(EchoFilter.java:38) [dubbo-2.5.3.jar:2.5.3]
	at com.alibaba.dubbo.rpc.protocol.ProtocolFilterWrapper$1.invoke(ProtocolFilterWrapper.java:91) [dubbo-2.5.3.jar:2.5.3]
	at com.alibaba.dubbo.rpc.protocol.dubbo.DubboProtocol$1.reply(DubboProtocol.java:108) [dubbo-2.5.3.jar:2.5.3]
	at com.alibaba.dubbo.remoting.exchange.support.header.HeaderExchangeHandler.handleRequest(HeaderExchangeHandler.java:84) [dubbo-2.5.3.jar:2.5.3]
	at com.alibaba.dubbo.remoting.exchange.support.header.HeaderExchangeHandler.received(HeaderExchangeHandler.java:170) [dubbo-2.5.3.jar:2.5.3]
	at com.alibaba.dubbo.remoting.transport.DecodeHandler.received(DecodeHandler.java:52) [dubbo-2.5.3.jar:2.5.3]
	at com.alibaba.dubbo.remoting.transport.dispatcher.ChannelEventRunnable.run(ChannelEventRunnable.java:82) [dubbo-2.5.3.jar:2.5.3]
	at java.util.concurrent.ThreadPoolExecutor.runWorker(ThreadPoolExecutor.java:1142) [na:1.8.0_101]
	at java.util.concurrent.ThreadPoolExecutor$Worker.run(ThreadPoolExecutor.java:617) [na:1.8.0_101]
	at java.lang.Thread.run(Thread.java:745) [na:1.8.0_101]
2016-12-16 09:49:56.477 [ main ] - [ INFO  ] [o.s.context.support.ClassPathXmlApplicationContext : 573 ] - Refreshing org.springframework.context.support.ClassPathXmlApplicationContext@887af79: startup date [Fri Dec 16 09:49:56 CST 2016]; root of context hierarchy
2016-12-16 09:49:56.505 [ main ] - [ INFO  ] [o.s.beans.factory.xml.XmlBeanDefinitionReader : 317 ] - Loading XML bean definitions from file [C:\Users\lyp\git\zplatform-member-merchant\zplatform-member-merchant-server\target\classes\META-INF\spring\spring-context.xml]
2016-12-16 09:49:59.749 [ main ] - [ INFO  ] [o.s.beans.factory.xml.XmlBeanDefinitionReader : 317 ] - Loading XML bean definitions from class path resource [spring-hibernate.xml]
2016-12-16 09:49:59.845 [ main ] - [ INFO  ] [o.s.beans.factory.xml.XmlBeanDefinitionReader : 317 ] - Loading XML bean definitions from class path resource [spring-dubbo-provider.xml]
2016-12-16 09:49:59.893 [ main ] - [ INFO  ] [o.s.beans.factory.xml.XmlBeanDefinitionReader : 317 ] - Loading XML bean definitions from class path resource [spring-dubbo-consumer.xml]
2016-12-16 09:50:00.088 [ main ] - [ INFO  ] [o.s.b.factory.config.PropertyPlaceholderConfigurer : 172 ] - Loading properties file from file [D:\cert\database.properties]
2016-12-16 09:50:02.821 [ main ] - [ INFO  ] [org.apache.zookeeper.ZooKeeper : 100 ] - Client environment:zookeeper.version=3.4.6-1569965, built on 02/20/2014 09:09 GMT
2016-12-16 09:50:02.822 [ main ] - [ INFO  ] [org.apache.zookeeper.ZooKeeper : 100 ] - Client environment:host.name=lyp-PC
2016-12-16 09:50:02.822 [ main ] - [ INFO  ] [org.apache.zookeeper.ZooKeeper : 100 ] - Client environment:java.version=1.8.0_101
2016-12-16 09:50:02.822 [ main ] - [ INFO  ] [org.apache.zookeeper.ZooKeeper : 100 ] - Client environment:java.vendor=Oracle Corporation
2016-12-16 09:50:02.822 [ main ] - [ INFO  ] [org.apache.zookeeper.ZooKeeper : 100 ] - Client environment:java.home=D:\Program Files\Java\jdk1.8.0_101\jre
2016-12-16 09:50:02.822 [ main ] - [ INFO  ] [org.apache.zookeeper.ZooKeeper : 100 ] - Client environment:java.class.path=C:\Users\lyp\.m2\repository\com\alibaba\dubbo\2.5.3\dubbo-2.5.3.jar;C:\Users\lyp\.m2\repository\org\javassist\javassist\3.15.0-GA\javassist-3.15.0-GA.jar;C:\Users\lyp\.m2\repository\org\jboss\netty\netty\3.2.5.Final\netty-3.2.5.Final.jar;C:\Users\lyp\.m2\repository\org\apache\zookeeper\zookeeper\3.4.6\zookeeper-3.4.6.jar;C:\Users\lyp\.m2\repository\log4j\log4j\1.2.16\log4j-1.2.16.jar;C:\Users\lyp\.m2\repository\jline\jline\0.9.94\jline-0.9.94.jar;C:\Users\lyp\.m2\repository\io\netty\netty\3.7.0.Final\netty-3.7.0.Final.jar;C:\Users\lyp\.m2\repository\com\github\sgroschupf\zkclient\0.1\zkclient-0.1.jar;C:\Users\lyp\.m2\repository\org\springframework\spring-test\4.2.0.RELEASE\spring-test-4.2.0.RELEASE.jar;C:\Users\lyp\.m2\repository\org\springframework\spring-core\4.2.0.RELEASE\spring-core-4.2.0.RELEASE.jar;C:\Users\lyp\.m2\repository\org\springframework\spring-web\4.2.0.RELEASE\spring-web-4.2.0.RELEASE.jar;C:\Users\lyp\.m2\repository\org\springframework\spring-aop\4.2.0.RELEASE\spring-aop-4.2.0.RELEASE.jar;C:\Users\lyp\.m2\repository\aopalliance\aopalliance\1.0\aopalliance-1.0.jar;C:\Users\lyp\.m2\repository\org\springframework\spring-beans\4.2.0.RELEASE\spring-beans-4.2.0.RELEASE.jar;C:\Users\lyp\.m2\repository\org\springframework\spring-context\4.2.0.RELEASE\spring-context-4.2.0.RELEASE.jar;C:\Users\lyp\.m2\repository\org\springframework\spring-expression\4.2.0.RELEASE\spring-expression-4.2.0.RELEASE.jar;C:\Users\lyp\.m2\repository\org\cheffo\jeplite\0.8.7a\jeplite-0.8.7a.jar;C:\Users\lyp\.m2\repository\net\sf\json-lib\json-lib\2.4\json-lib-2.4-jdk15.jar;C:\Users\lyp\.m2\repository\commons-beanutils\commons-beanutils\1.8.0\commons-beanutils-1.8.0.jar;C:\Users\lyp\.m2\repository\commons-collections\commons-collections\3.2.1\commons-collections-3.2.1.jar;C:\Users\lyp\.m2\repository\commons-lang\commons-lang\2.5\commons-lang-2.5.jar;C:\Users\lyp\.m2\repository\commons-logging\commons-logging\1.1.1\commons-logging-1.1.1.jar;C:\Users\lyp\.m2\repository\net\sf\ezmorph\ezmorph\1.0.6\ezmorph-1.0.6.jar;C:\Users\lyp\.m2\repository\org\slf4j\slf4j-api\1.7.7\slf4j-api-1.7.7.jar;C:\Users\lyp\.m2\repository\ch\qos\logback\logback-core\1.1.3\logback-core-1.1.3.jar;C:\Users\lyp\.m2\repository\ch\qos\logback\logback-classic\1.1.3\logback-classic-1.1.3.jar;C:\Users\lyp\.m2\repository\org\slf4j\slf4j-log4j12\1.7.21\slf4j-log4j12-1.7.21.jar;C:\Users\lyp\.m2\repository\org\slf4j\log4j-over-slf4j\1.7.21\log4j-over-slf4j-1.7.21.jar;C:\Users\lyp\.m2\repository\org\slf4j\jcl-over-slf4j\1.7.21\jcl-over-slf4j-1.7.21.jar;C:\Users\lyp\git\zplatform-member-individual\zplatform-member-individual-api\target\classes;C:\Users\lyp\.m2\repository\com\zlebank\zplatform\zplatform-member-commons-api\1.0.0-SNAPSHOT\zplatform-member-commons-api-1.0.0-SNAPSHOT.jar;C:\Users\lyp\.m2\repository\com\alibaba\fastjson\1.2.7\fastjson-1.2.7.jar;C:\Users\lyp\.m2\repository\com\google\guava\guava\19.0\guava-19.0.jar;C:\Users\lyp\git\zplatform-acc-service\zplatform-acc-bean\target\classes;C:\Users\lyp\git\zplatform-member-merchant\zplatform-member-merchant-api\target\classes;C:\Users\lyp\.m2\repository\com\zlebank\zplatform\zplatform-member\1.7.0-RELEASE\zplatform-member-1.7.0-RELEASE.jar;C:\Users\lyp\.m2\repository\com\zlebank\zplatform\zplatform-acc\1.7.0-RELEASE\zplatform-acc-1.7.0-RELEASE.jar;C:\Users\lyp\.m2\repository\net\sourceforge\jexcelapi\jxl\2.6.10\jxl-2.6.10.jar;C:\Users\lyp\.m2\repository\org\quartz-scheduler\quartz\2.2.1\quartz-2.2.1.jar;C:\Users\lyp\.m2\repository\org\quartz-scheduler\quartz-jobs\2.2.1\quartz-jobs-2.2.1.jar;C:\Users\lyp\.m2\repository\com\zlebank\zplatform\zplatform-member-api\1.7.0-RELEASE\zplatform-member-api-1.7.0-RELEASE.jar;C:\Users\lyp\.m2\repository\com\zlebank\zplatform\zplatform-commons\1.4.0-SNAPSHOT\zplatform-commons-1.4.0-SNAPSHOT.jar;C:\Users\lyp\.m2\repository\commons-httpclient\commons-httpclient\3.1\commons-httpclient-3.1.jar;C:\Users\lyp\.m2\repository\commons-codec\commons-codec\1.2\commons-codec-1.2.jar;C:\Users\lyp\.m2\repository\com\zlebank\zplatform\zplatform-member-commons\1.0.0-SNAPSHOT\zplatform-member-commons-1.0.0-SNAPSHOT.jar;C:\Users\lyp\.m2\repository\org\springframework\spring-context-support\4.2.0.RELEASE\spring-context-support-4.2.0.RELEASE.jar;C:\Users\lyp\.m2\repository\org\springframework\spring-orm\4.2.0.RELEASE\spring-orm-4.2.0.RELEASE.jar;C:\Users\lyp\.m2\repository\org\springframework\spring-jdbc\4.2.0.RELEASE\spring-jdbc-4.2.0.RELEASE.jar;C:\Users\lyp\.m2\repository\org\springframework\spring-tx\4.2.0.RELEASE\spring-tx-4.2.0.RELEASE.jar;C:\Users\lyp\.m2\repository\org\springframework\spring-aspects\4.2.0.RELEASE\spring-aspects-4.2.0.RELEASE.jar;C:\Users\lyp\.m2\repository\org\aspectj\aspectjweaver\1.8.6\aspectjweaver-1.8.6.jar;C:\Users\lyp\.m2\repository\commons-net\commons-net\3.3\commons-net-3.3.jar;C:\Users\lyp\.m2\repository\org\hibernate\hibernate-c3p0\4.2.0.Final\hibernate-c3p0-4.2.0.Final.jar;C:\Users\lyp\.m2\repository\org\jboss\logging\jboss-logging\3.1.0.GA\jboss-logging-3.1.0.GA.jar;C:\Users\lyp\.m2\repository\org\hibernate\hibernate-core\4.2.0.Final\hibernate-core-4.2.0.Final.jar;C:\Users\lyp\.m2\repository\antlr\antlr\2.7.7\antlr-2.7.7.jar;C:\Users\lyp\.m2\repository\org\jboss\spec\javax\transaction\jboss-transaction-api_1.1_spec\1.0.0.Final\jboss-transaction-api_1.1_spec-1.0.0.Final.jar;C:\Users\lyp\.m2\repository\dom4j\dom4j\1.6.1\dom4j-1.6.1.jar;C:\Users\lyp\.m2\repository\org\hibernate\javax\persistence\hibernate-jpa-2.0-api\1.0.1.Final\hibernate-jpa-2.0-api-1.0.1.Final.jar;C:\Users\lyp\.m2\repository\org\hibernate\common\hibernate-commons-annotations\4.0.1.Final\hibernate-commons-annotations-4.0.1.Final.jar;C:\Users\lyp\.m2\repository\c3p0\c3p0\0.9.1\c3p0-0.9.1.jar;C:\Users\lyp\.m2\repository\org\hibernate\hibernate-validator\4.2.0.Final\hibernate-validator-4.2.0.Final.jar;C:\Users\lyp\.m2\repository\javax\validation\validation-api\1.0.0.GA\validation-api-1.0.0.GA.jar;C:\Users\lyp\.m2\repository\com\oracle\ojdbc6\11\ojdbc6-11.jar;C:\Users\lyp\.m2\repository\cglib\cglib\2.2\cglib-2.2.jar;C:\Users\lyp\.m2\repository\asm\asm\3.1\asm-3.1.jar;C:\Users\lyp\.m2\repository\com\zlebank\zplatform\javabase64\1.3.1\javabase64-1.3.1.jar;C:\Users\lyp\.m2\repository\com\zlebank\zplatform\zplatform-member-coopinsti-api\1.0.0-SNAPSHOT\zplatform-member-coopinsti-api-1.0.0-SNAPSHOT.jar;C:\Users\lyp\.m2\repository\com\alibaba\druid\1.0.26\druid-1.0.26.jar;D:\Program Files\Java\jdk1.8.0_101\lib\jconsole.jar;D:\Program Files\Java\jdk1.8.0_101\lib\tools.jar;C:\Users\lyp\git\zplatform-member-merchant\zplatform-member-merchant-server\target\classes
2016-12-16 09:50:02.822 [ main ] - [ INFO  ] [org.apache.zookeeper.ZooKeeper : 100 ] - Client environment:java.library.path=D:\Program Files\Java\jdk1.8.0_101\bin;C:\Windows\Sun\Java\bin;C:\Windows\system32;C:\Windows;D:/Program Files/Java/jdk1.8.0_101/bin/../jre/bin/server;D:/Program Files/Java/jdk1.8.0_101/bin/../jre/bin;D:/Program Files/Java/jdk1.8.0_101/bin/../jre/lib/amd64;D:\apache-maven-3.3.9\bin;C:\Program Files (x86)\Common Files\NetSarang;G:\home\web\trade;D:\Program Files\Java\jdk1.8.0_101\bin;C:\Program Files (x86)\Intel\iCLS Client\;C:\Program Files\Intel\iCLS Client\;C:\Windows\system32;C:\Windows;C:\Windows\System32\Wbem;C:\Windows\System32\WindowsPowerShell\v1.0\;C:\Program Files\Intel\Intel(R) Management Engine Components\DAL;C:\Program Files\Intel\Intel(R) Management Engine Components\IPT;C:\Program Files (x86)\Intel\Intel(R) Management Engine Components\DAL;C:\Program Files (x86)\Intel\Intel(R) Management Engine Components\IPT;C:\Program Files (x86)\Common Files\Lenovo;C:\SWTOOLS\ReadyApps;D:\Program Files (x86)\Rational\common;D:\svn\bin;D:\testng\apache-ant-1.9.7\bin;D:\eclipse\eclipse;;.
2016-12-16 09:50:02.823 [ main ] - [ INFO  ] [org.apache.zookeeper.ZooKeeper : 100 ] - Client environment:java.io.tmpdir=C:\Users\lyp\AppData\Local\Temp\
2016-12-16 09:50:02.823 [ main ] - [ INFO  ] [org.apache.zookeeper.ZooKeeper : 100 ] - Client environment:java.compiler=<NA>
2016-12-16 09:50:02.823 [ main ] - [ INFO  ] [org.apache.zookeeper.ZooKeeper : 100 ] - Client environment:os.name=Windows 7
2016-12-16 09:50:02.823 [ main ] - [ INFO  ] [org.apache.zookeeper.ZooKeeper : 100 ] - Client environment:os.arch=amd64
2016-12-16 09:50:02.823 [ main ] - [ INFO  ] [org.apache.zookeeper.ZooKeeper : 100 ] - Client environment:os.version=6.1
2016-12-16 09:50:02.823 [ main ] - [ INFO  ] [org.apache.zookeeper.ZooKeeper : 100 ] - Client environment:user.name=lyp
2016-12-16 09:50:02.823 [ main ] - [ INFO  ] [org.apache.zookeeper.ZooKeeper : 100 ] - Client environment:user.home=C:\Users\lyp
2016-12-16 09:50:02.823 [ main ] - [ INFO  ] [org.apache.zookeeper.ZooKeeper : 100 ] - Client environment:user.dir=C:\Users\lyp\git\zplatform-member-merchant\zplatform-member-merchant-server
2016-12-16 09:50:02.824 [ main ] - [ INFO  ] [org.apache.zookeeper.ZooKeeper : 438 ] - Initiating client connection, connectString=192.168.101.104:2181 sessionTimeout=30000 watcher=org.I0Itec.zkclient.ZkClient@abbe000
2016-12-16 09:50:02.844 [ main-SendThread(192.168.101.104:2181) ] - [ INFO  ] [org.apache.zookeeper.ClientCnxn : 975 ] - Opening socket connection to server 192.168.101.104/192.168.101.104:2181. Will not attempt to authenticate using SASL (unknown error)
2016-12-16 09:50:02.846 [ main-SendThread(192.168.101.104:2181) ] - [ INFO  ] [org.apache.zookeeper.ClientCnxn : 852 ] - Socket connection established to 192.168.101.104/192.168.101.104:2181, initiating session
2016-12-16 09:50:02.852 [ main-SendThread(192.168.101.104:2181) ] - [ INFO  ] [org.apache.zookeeper.ClientCnxn : 1235 ] - Session establishment complete on server 192.168.101.104/192.168.101.104:2181, sessionid = 0x1585ea4ee370555, negotiated timeout = 30000
2016-12-16 09:50:03.485 [ main ] - [ INFO  ] [o.s.orm.hibernate4.HibernateTransactionManager : 360 ] - Using DataSource [{
	CreateTime:"2016-12-16 09:50:00",
	ActiveCount:0,
	PoolingCount:1,
	CreateCount:1,
	DestroyCount:0,
	CloseCount:0,
	ConnectCount:0,
	Connections:[
		{ID:947043383, ConnectTime:"2016-12-16 09:50:01", UseCount:0, LastActiveTime:"2016-12-16 09:50:01"}
	]
}

[
	{
	ID:947043383, 
	poolStatements:[
		]
	}
]] of Hibernate SessionFactory for HibernateTransactionManager
2016-12-16 10:54:09.890 [ main ] - [ INFO  ] [o.s.context.support.ClassPathXmlApplicationContext : 573 ] - Refreshing org.springframework.context.support.ClassPathXmlApplicationContext@887af79: startup date [Fri Dec 16 10:54:09 CST 2016]; root of context hierarchy
2016-12-16 10:54:09.965 [ main ] - [ INFO  ] [o.s.beans.factory.xml.XmlBeanDefinitionReader : 317 ] - Loading XML bean definitions from file [C:\Users\lyp\git\zplatform-member-merchant\zplatform-member-merchant-server\target\classes\META-INF\spring\spring-context.xml]
2016-12-16 10:54:15.197 [ main ] - [ INFO  ] [o.s.beans.factory.xml.XmlBeanDefinitionReader : 317 ] - Loading XML bean definitions from class path resource [spring-hibernate.xml]
2016-12-16 10:54:15.312 [ main ] - [ INFO  ] [o.s.beans.factory.xml.XmlBeanDefinitionReader : 317 ] - Loading XML bean definitions from class path resource [spring-dubbo-provider.xml]
2016-12-16 10:54:15.368 [ main ] - [ INFO  ] [o.s.beans.factory.xml.XmlBeanDefinitionReader : 317 ] - Loading XML bean definitions from class path resource [spring-dubbo-consumer.xml]
2016-12-16 10:54:15.676 [ main ] - [ INFO  ] [o.s.b.factory.config.PropertyPlaceholderConfigurer : 172 ] - Loading properties file from file [D:\cert\database.properties]
2016-12-16 10:54:20.416 [ main ] - [ INFO  ] [org.apache.zookeeper.ZooKeeper : 100 ] - Client environment:zookeeper.version=3.4.6-1569965, built on 02/20/2014 09:09 GMT
2016-12-16 10:54:20.417 [ main ] - [ INFO  ] [org.apache.zookeeper.ZooKeeper : 100 ] - Client environment:host.name=lyp-PC
2016-12-16 10:54:20.417 [ main ] - [ INFO  ] [org.apache.zookeeper.ZooKeeper : 100 ] - Client environment:java.version=1.8.0_101
2016-12-16 10:54:20.417 [ main ] - [ INFO  ] [org.apache.zookeeper.ZooKeeper : 100 ] - Client environment:java.vendor=Oracle Corporation
2016-12-16 10:54:20.417 [ main ] - [ INFO  ] [org.apache.zookeeper.ZooKeeper : 100 ] - Client environment:java.home=D:\Program Files\Java\jdk1.8.0_101\jre
2016-12-16 10:54:20.417 [ main ] - [ INFO  ] [org.apache.zookeeper.ZooKeeper : 100 ] - Client environment:java.class.path=C:\Users\lyp\.m2\repository\com\alibaba\dubbo\2.5.3\dubbo-2.5.3.jar;C:\Users\lyp\.m2\repository\org\javassist\javassist\3.15.0-GA\javassist-3.15.0-GA.jar;C:\Users\lyp\.m2\repository\org\jboss\netty\netty\3.2.5.Final\netty-3.2.5.Final.jar;C:\Users\lyp\.m2\repository\org\apache\zookeeper\zookeeper\3.4.6\zookeeper-3.4.6.jar;C:\Users\lyp\.m2\repository\log4j\log4j\1.2.16\log4j-1.2.16.jar;C:\Users\lyp\.m2\repository\jline\jline\0.9.94\jline-0.9.94.jar;C:\Users\lyp\.m2\repository\io\netty\netty\3.7.0.Final\netty-3.7.0.Final.jar;C:\Users\lyp\.m2\repository\com\github\sgroschupf\zkclient\0.1\zkclient-0.1.jar;C:\Users\lyp\.m2\repository\org\springframework\spring-test\4.2.0.RELEASE\spring-test-4.2.0.RELEASE.jar;C:\Users\lyp\.m2\repository\org\springframework\spring-core\4.2.0.RELEASE\spring-core-4.2.0.RELEASE.jar;C:\Users\lyp\.m2\repository\org\springframework\spring-web\4.2.0.RELEASE\spring-web-4.2.0.RELEASE.jar;C:\Users\lyp\.m2\repository\org\springframework\spring-aop\4.2.0.RELEASE\spring-aop-4.2.0.RELEASE.jar;C:\Users\lyp\.m2\repository\aopalliance\aopalliance\1.0\aopalliance-1.0.jar;C:\Users\lyp\.m2\repository\org\springframework\spring-beans\4.2.0.RELEASE\spring-beans-4.2.0.RELEASE.jar;C:\Users\lyp\.m2\repository\org\springframework\spring-context\4.2.0.RELEASE\spring-context-4.2.0.RELEASE.jar;C:\Users\lyp\.m2\repository\org\springframework\spring-expression\4.2.0.RELEASE\spring-expression-4.2.0.RELEASE.jar;C:\Users\lyp\.m2\repository\org\cheffo\jeplite\0.8.7a\jeplite-0.8.7a.jar;C:\Users\lyp\.m2\repository\net\sf\json-lib\json-lib\2.4\json-lib-2.4-jdk15.jar;C:\Users\lyp\.m2\repository\commons-beanutils\commons-beanutils\1.8.0\commons-beanutils-1.8.0.jar;C:\Users\lyp\.m2\repository\commons-collections\commons-collections\3.2.1\commons-collections-3.2.1.jar;C:\Users\lyp\.m2\repository\commons-lang\commons-lang\2.5\commons-lang-2.5.jar;C:\Users\lyp\.m2\repository\commons-logging\commons-logging\1.1.1\commons-logging-1.1.1.jar;C:\Users\lyp\.m2\repository\net\sf\ezmorph\ezmorph\1.0.6\ezmorph-1.0.6.jar;C:\Users\lyp\.m2\repository\org\slf4j\slf4j-api\1.7.7\slf4j-api-1.7.7.jar;C:\Users\lyp\.m2\repository\ch\qos\logback\logback-core\1.1.3\logback-core-1.1.3.jar;C:\Users\lyp\.m2\repository\ch\qos\logback\logback-classic\1.1.3\logback-classic-1.1.3.jar;C:\Users\lyp\.m2\repository\org\slf4j\slf4j-log4j12\1.7.21\slf4j-log4j12-1.7.21.jar;C:\Users\lyp\.m2\repository\org\slf4j\log4j-over-slf4j\1.7.21\log4j-over-slf4j-1.7.21.jar;C:\Users\lyp\.m2\repository\org\slf4j\jcl-over-slf4j\1.7.21\jcl-over-slf4j-1.7.21.jar;C:\Users\lyp\git\zplatform-member-individual\zplatform-member-individual-api\target\classes;C:\Users\lyp\.m2\repository\com\zlebank\zplatform\zplatform-member-commons-api\1.0.0-SNAPSHOT\zplatform-member-commons-api-1.0.0-SNAPSHOT.jar;C:\Users\lyp\.m2\repository\com\alibaba\fastjson\1.2.7\fastjson-1.2.7.jar;C:\Users\lyp\.m2\repository\com\google\guava\guava\19.0\guava-19.0.jar;C:\Users\lyp\git\zplatform-acc-service\zplatform-acc-bean\target\classes;C:\Users\lyp\git\zplatform-member-merchant\zplatform-member-merchant-api\target\classes;C:\Users\lyp\.m2\repository\com\zlebank\zplatform\zplatform-member\1.7.0-RELEASE\zplatform-member-1.7.0-RELEASE.jar;C:\Users\lyp\.m2\repository\com\zlebank\zplatform\zplatform-acc\1.7.0-RELEASE\zplatform-acc-1.7.0-RELEASE.jar;C:\Users\lyp\.m2\repository\net\sourceforge\jexcelapi\jxl\2.6.10\jxl-2.6.10.jar;C:\Users\lyp\.m2\repository\org\quartz-scheduler\quartz\2.2.1\quartz-2.2.1.jar;C:\Users\lyp\.m2\repository\org\quartz-scheduler\quartz-jobs\2.2.1\quartz-jobs-2.2.1.jar;C:\Users\lyp\.m2\repository\com\zlebank\zplatform\zplatform-member-api\1.7.0-RELEASE\zplatform-member-api-1.7.0-RELEASE.jar;C:\Users\lyp\.m2\repository\com\zlebank\zplatform\zplatform-commons\1.4.0-SNAPSHOT\zplatform-commons-1.4.0-SNAPSHOT.jar;C:\Users\lyp\.m2\repository\commons-httpclient\commons-httpclient\3.1\commons-httpclient-3.1.jar;C:\Users\lyp\.m2\repository\commons-codec\commons-codec\1.2\commons-codec-1.2.jar;C:\Users\lyp\.m2\repository\com\zlebank\zplatform\zplatform-member-commons\1.0.0-SNAPSHOT\zplatform-member-commons-1.0.0-SNAPSHOT.jar;C:\Users\lyp\.m2\repository\org\springframework\spring-context-support\4.2.0.RELEASE\spring-context-support-4.2.0.RELEASE.jar;C:\Users\lyp\.m2\repository\org\springframework\spring-orm\4.2.0.RELEASE\spring-orm-4.2.0.RELEASE.jar;C:\Users\lyp\.m2\repository\org\springframework\spring-jdbc\4.2.0.RELEASE\spring-jdbc-4.2.0.RELEASE.jar;C:\Users\lyp\.m2\repository\org\springframework\spring-tx\4.2.0.RELEASE\spring-tx-4.2.0.RELEASE.jar;C:\Users\lyp\.m2\repository\org\springframework\spring-aspects\4.2.0.RELEASE\spring-aspects-4.2.0.RELEASE.jar;C:\Users\lyp\.m2\repository\org\aspectj\aspectjweaver\1.8.6\aspectjweaver-1.8.6.jar;C:\Users\lyp\.m2\repository\commons-net\commons-net\3.3\commons-net-3.3.jar;C:\Users\lyp\.m2\repository\org\hibernate\hibernate-c3p0\4.2.0.Final\hibernate-c3p0-4.2.0.Final.jar;C:\Users\lyp\.m2\repository\org\jboss\logging\jboss-logging\3.1.0.GA\jboss-logging-3.1.0.GA.jar;C:\Users\lyp\.m2\repository\org\hibernate\hibernate-core\4.2.0.Final\hibernate-core-4.2.0.Final.jar;C:\Users\lyp\.m2\repository\antlr\antlr\2.7.7\antlr-2.7.7.jar;C:\Users\lyp\.m2\repository\org\jboss\spec\javax\transaction\jboss-transaction-api_1.1_spec\1.0.0.Final\jboss-transaction-api_1.1_spec-1.0.0.Final.jar;C:\Users\lyp\.m2\repository\dom4j\dom4j\1.6.1\dom4j-1.6.1.jar;C:\Users\lyp\.m2\repository\org\hibernate\javax\persistence\hibernate-jpa-2.0-api\1.0.1.Final\hibernate-jpa-2.0-api-1.0.1.Final.jar;C:\Users\lyp\.m2\repository\org\hibernate\common\hibernate-commons-annotations\4.0.1.Final\hibernate-commons-annotations-4.0.1.Final.jar;C:\Users\lyp\.m2\repository\c3p0\c3p0\0.9.1\c3p0-0.9.1.jar;C:\Users\lyp\.m2\repository\org\hibernate\hibernate-validator\4.2.0.Final\hibernate-validator-4.2.0.Final.jar;C:\Users\lyp\.m2\repository\javax\validation\validation-api\1.0.0.GA\validation-api-1.0.0.GA.jar;C:\Users\lyp\.m2\repository\com\oracle\ojdbc6\11\ojdbc6-11.jar;C:\Users\lyp\.m2\repository\cglib\cglib\2.2\cglib-2.2.jar;C:\Users\lyp\.m2\repository\asm\asm\3.1\asm-3.1.jar;C:\Users\lyp\.m2\repository\com\zlebank\zplatform\javabase64\1.3.1\javabase64-1.3.1.jar;C:\Users\lyp\.m2\repository\com\zlebank\zplatform\zplatform-member-coopinsti-api\1.0.0-SNAPSHOT\zplatform-member-coopinsti-api-1.0.0-SNAPSHOT.jar;C:\Users\lyp\.m2\repository\com\alibaba\druid\1.0.26\druid-1.0.26.jar;D:\Program Files\Java\jdk1.8.0_101\lib\jconsole.jar;D:\Program Files\Java\jdk1.8.0_101\lib\tools.jar;C:\Users\lyp\git\zplatform-member-merchant\zplatform-member-merchant-server\target\classes
2016-12-16 10:54:20.418 [ main ] - [ INFO  ] [org.apache.zookeeper.ZooKeeper : 100 ] - Client environment:java.library.path=D:\Program Files\Java\jdk1.8.0_101\bin;C:\Windows\Sun\Java\bin;C:\Windows\system32;C:\Windows;D:/Program Files/Java/jdk1.8.0_101/bin/../jre/bin/server;D:/Program Files/Java/jdk1.8.0_101/bin/../jre/bin;D:/Program Files/Java/jdk1.8.0_101/bin/../jre/lib/amd64;D:\apache-maven-3.3.9\bin;C:\Program Files (x86)\Common Files\NetSarang;G:\home\web\trade;D:\Program Files\Java\jdk1.8.0_101\bin;C:\Program Files (x86)\Intel\iCLS Client\;C:\Program Files\Intel\iCLS Client\;C:\Windows\system32;C:\Windows;C:\Windows\System32\Wbem;C:\Windows\System32\WindowsPowerShell\v1.0\;C:\Program Files\Intel\Intel(R) Management Engine Components\DAL;C:\Program Files\Intel\Intel(R) Management Engine Components\IPT;C:\Program Files (x86)\Intel\Intel(R) Management Engine Components\DAL;C:\Program Files (x86)\Intel\Intel(R) Management Engine Components\IPT;C:\Program Files (x86)\Common Files\Lenovo;C:\SWTOOLS\ReadyApps;D:\Program Files (x86)\Rational\common;D:\svn\bin;D:\testng\apache-ant-1.9.7\bin;D:\eclipse\eclipse;;.
2016-12-16 10:54:20.418 [ main ] - [ INFO  ] [org.apache.zookeeper.ZooKeeper : 100 ] - Client environment:java.io.tmpdir=C:\Users\lyp\AppData\Local\Temp\
2016-12-16 10:54:20.418 [ main ] - [ INFO  ] [org.apache.zookeeper.ZooKeeper : 100 ] - Client environment:java.compiler=<NA>
2016-12-16 10:54:20.418 [ main ] - [ INFO  ] [org.apache.zookeeper.ZooKeeper : 100 ] - Client environment:os.name=Windows 7
2016-12-16 10:54:20.418 [ main ] - [ INFO  ] [org.apache.zookeeper.ZooKeeper : 100 ] - Client environment:os.arch=amd64
2016-12-16 10:54:20.418 [ main ] - [ INFO  ] [org.apache.zookeeper.ZooKeeper : 100 ] - Client environment:os.version=6.1
2016-12-16 10:54:20.418 [ main ] - [ INFO  ] [org.apache.zookeeper.ZooKeeper : 100 ] - Client environment:user.name=lyp
2016-12-16 10:54:20.419 [ main ] - [ INFO  ] [org.apache.zookeeper.ZooKeeper : 100 ] - Client environment:user.home=C:\Users\lyp
2016-12-16 10:54:20.419 [ main ] - [ INFO  ] [org.apache.zookeeper.ZooKeeper : 100 ] - Client environment:user.dir=C:\Users\lyp\git\zplatform-member-merchant\zplatform-member-merchant-server
2016-12-16 10:54:20.420 [ main ] - [ INFO  ] [org.apache.zookeeper.ZooKeeper : 438 ] - Initiating client connection, connectString=192.168.101.104:2181 sessionTimeout=30000 watcher=org.I0Itec.zkclient.ZkClient@abbe000
2016-12-16 10:54:20.511 [ main-SendThread(192.168.101.104:2181) ] - [ INFO  ] [org.apache.zookeeper.ClientCnxn : 975 ] - Opening socket connection to server 192.168.101.104/192.168.101.104:2181. Will not attempt to authenticate using SASL (unknown error)
2016-12-16 10:54:20.515 [ main-SendThread(192.168.101.104:2181) ] - [ INFO  ] [org.apache.zookeeper.ClientCnxn : 852 ] - Socket connection established to 192.168.101.104/192.168.101.104:2181, initiating session
2016-12-16 10:54:20.522 [ main-SendThread(192.168.101.104:2181) ] - [ INFO  ] [org.apache.zookeeper.ClientCnxn : 1235 ] - Session establishment complete on server 192.168.101.104/192.168.101.104:2181, sessionid = 0x1585ea4ee370557, negotiated timeout = 30000
2016-12-16 10:54:21.325 [ main ] - [ INFO  ] [o.s.orm.hibernate4.HibernateTransactionManager : 360 ] - Using DataSource [{
	CreateTime:"2016-12-16 10:54:16",
	ActiveCount:0,
	PoolingCount:1,
	CreateCount:1,
	DestroyCount:0,
	CloseCount:0,
	ConnectCount:0,
	Connections:[
		{ID:947043383, ConnectTime:"2016-12-16 10:54:18", UseCount:0, LastActiveTime:"2016-12-16 10:54:18"}
	]
}

[
	{
	ID:947043383, 
	poolStatements:[
		]
	}
]] of Hibernate SessionFactory for HibernateTransactionManager
2016-12-16 10:56:02.276 [ main ] - [ INFO  ] [o.s.context.support.ClassPathXmlApplicationContext : 573 ] - Refreshing org.springframework.context.support.ClassPathXmlApplicationContext@887af79: startup date [Fri Dec 16 10:56:02 CST 2016]; root of context hierarchy
2016-12-16 10:56:02.314 [ main ] - [ INFO  ] [o.s.beans.factory.xml.XmlBeanDefinitionReader : 317 ] - Loading XML bean definitions from file [C:\Users\lyp\git\zplatform-member-merchant\zplatform-member-merchant-server\target\classes\META-INF\spring\spring-context.xml]
2016-12-16 10:56:03.249 [ main ] - [ INFO  ] [o.s.beans.factory.xml.XmlBeanDefinitionReader : 317 ] - Loading XML bean definitions from class path resource [spring-hibernate.xml]
2016-12-16 10:56:03.331 [ main ] - [ INFO  ] [o.s.beans.factory.xml.XmlBeanDefinitionReader : 317 ] - Loading XML bean definitions from class path resource [spring-dubbo-provider.xml]
2016-12-16 10:56:03.369 [ main ] - [ INFO  ] [o.s.beans.factory.xml.XmlBeanDefinitionReader : 317 ] - Loading XML bean definitions from class path resource [spring-dubbo-consumer.xml]
2016-12-16 10:56:03.521 [ main ] - [ INFO  ] [o.s.b.factory.config.PropertyPlaceholderConfigurer : 172 ] - Loading properties file from file [D:\cert\database.properties]
2016-12-16 10:56:05.774 [ main ] - [ INFO  ] [org.apache.zookeeper.ZooKeeper : 100 ] - Client environment:zookeeper.version=3.4.6-1569965, built on 02/20/2014 09:09 GMT
2016-12-16 10:56:05.775 [ main ] - [ INFO  ] [org.apache.zookeeper.ZooKeeper : 100 ] - Client environment:host.name=lyp-PC
2016-12-16 10:56:05.775 [ main ] - [ INFO  ] [org.apache.zookeeper.ZooKeeper : 100 ] - Client environment:java.version=1.8.0_101
2016-12-16 10:56:05.775 [ main ] - [ INFO  ] [org.apache.zookeeper.ZooKeeper : 100 ] - Client environment:java.vendor=Oracle Corporation
2016-12-16 10:56:05.775 [ main ] - [ INFO  ] [org.apache.zookeeper.ZooKeeper : 100 ] - Client environment:java.home=D:\Program Files\Java\jdk1.8.0_101\jre
2016-12-16 10:56:05.775 [ main ] - [ INFO  ] [org.apache.zookeeper.ZooKeeper : 100 ] - Client environment:java.class.path=C:\Users\lyp\.m2\repository\com\alibaba\dubbo\2.5.3\dubbo-2.5.3.jar;C:\Users\lyp\.m2\repository\org\javassist\javassist\3.15.0-GA\javassist-3.15.0-GA.jar;C:\Users\lyp\.m2\repository\org\jboss\netty\netty\3.2.5.Final\netty-3.2.5.Final.jar;C:\Users\lyp\.m2\repository\org\apache\zookeeper\zookeeper\3.4.6\zookeeper-3.4.6.jar;C:\Users\lyp\.m2\repository\log4j\log4j\1.2.16\log4j-1.2.16.jar;C:\Users\lyp\.m2\repository\jline\jline\0.9.94\jline-0.9.94.jar;C:\Users\lyp\.m2\repository\io\netty\netty\3.7.0.Final\netty-3.7.0.Final.jar;C:\Users\lyp\.m2\repository\com\github\sgroschupf\zkclient\0.1\zkclient-0.1.jar;C:\Users\lyp\.m2\repository\org\springframework\spring-test\4.2.0.RELEASE\spring-test-4.2.0.RELEASE.jar;C:\Users\lyp\.m2\repository\org\springframework\spring-core\4.2.0.RELEASE\spring-core-4.2.0.RELEASE.jar;C:\Users\lyp\.m2\repository\org\springframework\spring-web\4.2.0.RELEASE\spring-web-4.2.0.RELEASE.jar;C:\Users\lyp\.m2\repository\org\springframework\spring-aop\4.2.0.RELEASE\spring-aop-4.2.0.RELEASE.jar;C:\Users\lyp\.m2\repository\aopalliance\aopalliance\1.0\aopalliance-1.0.jar;C:\Users\lyp\.m2\repository\org\springframework\spring-beans\4.2.0.RELEASE\spring-beans-4.2.0.RELEASE.jar;C:\Users\lyp\.m2\repository\org\springframework\spring-context\4.2.0.RELEASE\spring-context-4.2.0.RELEASE.jar;C:\Users\lyp\.m2\repository\org\springframework\spring-expression\4.2.0.RELEASE\spring-expression-4.2.0.RELEASE.jar;C:\Users\lyp\.m2\repository\org\cheffo\jeplite\0.8.7a\jeplite-0.8.7a.jar;C:\Users\lyp\.m2\repository\net\sf\json-lib\json-lib\2.4\json-lib-2.4-jdk15.jar;C:\Users\lyp\.m2\repository\commons-beanutils\commons-beanutils\1.8.0\commons-beanutils-1.8.0.jar;C:\Users\lyp\.m2\repository\commons-collections\commons-collections\3.2.1\commons-collections-3.2.1.jar;C:\Users\lyp\.m2\repository\commons-lang\commons-lang\2.5\commons-lang-2.5.jar;C:\Users\lyp\.m2\repository\commons-logging\commons-logging\1.1.1\commons-logging-1.1.1.jar;C:\Users\lyp\.m2\repository\net\sf\ezmorph\ezmorph\1.0.6\ezmorph-1.0.6.jar;C:\Users\lyp\.m2\repository\org\slf4j\slf4j-api\1.7.7\slf4j-api-1.7.7.jar;C:\Users\lyp\.m2\repository\ch\qos\logback\logback-core\1.1.3\logback-core-1.1.3.jar;C:\Users\lyp\.m2\repository\ch\qos\logback\logback-classic\1.1.3\logback-classic-1.1.3.jar;C:\Users\lyp\.m2\repository\org\slf4j\slf4j-log4j12\1.7.21\slf4j-log4j12-1.7.21.jar;C:\Users\lyp\.m2\repository\org\slf4j\log4j-over-slf4j\1.7.21\log4j-over-slf4j-1.7.21.jar;C:\Users\lyp\.m2\repository\org\slf4j\jcl-over-slf4j\1.7.21\jcl-over-slf4j-1.7.21.jar;C:\Users\lyp\git\zplatform-member-individual\zplatform-member-individual-api\target\classes;C:\Users\lyp\.m2\repository\com\zlebank\zplatform\zplatform-member-commons-api\1.0.0-SNAPSHOT\zplatform-member-commons-api-1.0.0-SNAPSHOT.jar;C:\Users\lyp\.m2\repository\com\alibaba\fastjson\1.2.7\fastjson-1.2.7.jar;C:\Users\lyp\.m2\repository\com\google\guava\guava\19.0\guava-19.0.jar;C:\Users\lyp\git\zplatform-acc-service\zplatform-acc-bean\target\classes;C:\Users\lyp\git\zplatform-member-merchant\zplatform-member-merchant-api\target\classes;C:\Users\lyp\.m2\repository\com\zlebank\zplatform\zplatform-member\1.7.0-RELEASE\zplatform-member-1.7.0-RELEASE.jar;C:\Users\lyp\.m2\repository\com\zlebank\zplatform\zplatform-acc\1.7.0-RELEASE\zplatform-acc-1.7.0-RELEASE.jar;C:\Users\lyp\.m2\repository\net\sourceforge\jexcelapi\jxl\2.6.10\jxl-2.6.10.jar;C:\Users\lyp\.m2\repository\org\quartz-scheduler\quartz\2.2.1\quartz-2.2.1.jar;C:\Users\lyp\.m2\repository\org\quartz-scheduler\quartz-jobs\2.2.1\quartz-jobs-2.2.1.jar;C:\Users\lyp\.m2\repository\com\zlebank\zplatform\zplatform-member-api\1.7.0-RELEASE\zplatform-member-api-1.7.0-RELEASE.jar;C:\Users\lyp\.m2\repository\com\zlebank\zplatform\zplatform-commons\1.4.0-SNAPSHOT\zplatform-commons-1.4.0-SNAPSHOT.jar;C:\Users\lyp\.m2\repository\commons-httpclient\commons-httpclient\3.1\commons-httpclient-3.1.jar;C:\Users\lyp\.m2\repository\commons-codec\commons-codec\1.2\commons-codec-1.2.jar;C:\Users\lyp\.m2\repository\com\zlebank\zplatform\zplatform-member-commons\1.0.0-SNAPSHOT\zplatform-member-commons-1.0.0-SNAPSHOT.jar;C:\Users\lyp\.m2\repository\org\springframework\spring-context-support\4.2.0.RELEASE\spring-context-support-4.2.0.RELEASE.jar;C:\Users\lyp\.m2\repository\org\springframework\spring-orm\4.2.0.RELEASE\spring-orm-4.2.0.RELEASE.jar;C:\Users\lyp\.m2\repository\org\springframework\spring-jdbc\4.2.0.RELEASE\spring-jdbc-4.2.0.RELEASE.jar;C:\Users\lyp\.m2\repository\org\springframework\spring-tx\4.2.0.RELEASE\spring-tx-4.2.0.RELEASE.jar;C:\Users\lyp\.m2\repository\org\springframework\spring-aspects\4.2.0.RELEASE\spring-aspects-4.2.0.RELEASE.jar;C:\Users\lyp\.m2\repository\org\aspectj\aspectjweaver\1.8.6\aspectjweaver-1.8.6.jar;C:\Users\lyp\.m2\repository\commons-net\commons-net\3.3\commons-net-3.3.jar;C:\Users\lyp\.m2\repository\org\hibernate\hibernate-c3p0\4.2.0.Final\hibernate-c3p0-4.2.0.Final.jar;C:\Users\lyp\.m2\repository\org\jboss\logging\jboss-logging\3.1.0.GA\jboss-logging-3.1.0.GA.jar;C:\Users\lyp\.m2\repository\org\hibernate\hibernate-core\4.2.0.Final\hibernate-core-4.2.0.Final.jar;C:\Users\lyp\.m2\repository\antlr\antlr\2.7.7\antlr-2.7.7.jar;C:\Users\lyp\.m2\repository\org\jboss\spec\javax\transaction\jboss-transaction-api_1.1_spec\1.0.0.Final\jboss-transaction-api_1.1_spec-1.0.0.Final.jar;C:\Users\lyp\.m2\repository\dom4j\dom4j\1.6.1\dom4j-1.6.1.jar;C:\Users\lyp\.m2\repository\org\hibernate\javax\persistence\hibernate-jpa-2.0-api\1.0.1.Final\hibernate-jpa-2.0-api-1.0.1.Final.jar;C:\Users\lyp\.m2\repository\org\hibernate\common\hibernate-commons-annotations\4.0.1.Final\hibernate-commons-annotations-4.0.1.Final.jar;C:\Users\lyp\.m2\repository\c3p0\c3p0\0.9.1\c3p0-0.9.1.jar;C:\Users\lyp\.m2\repository\org\hibernate\hibernate-validator\4.2.0.Final\hibernate-validator-4.2.0.Final.jar;C:\Users\lyp\.m2\repository\javax\validation\validation-api\1.0.0.GA\validation-api-1.0.0.GA.jar;C:\Users\lyp\.m2\repository\com\oracle\ojdbc6\11\ojdbc6-11.jar;C:\Users\lyp\.m2\repository\cglib\cglib\2.2\cglib-2.2.jar;C:\Users\lyp\.m2\repository\asm\asm\3.1\asm-3.1.jar;C:\Users\lyp\.m2\repository\com\zlebank\zplatform\javabase64\1.3.1\javabase64-1.3.1.jar;C:\Users\lyp\.m2\repository\com\zlebank\zplatform\zplatform-member-coopinsti-api\1.0.0-SNAPSHOT\zplatform-member-coopinsti-api-1.0.0-SNAPSHOT.jar;C:\Users\lyp\.m2\repository\com\alibaba\druid\1.0.26\druid-1.0.26.jar;D:\Program Files\Java\jdk1.8.0_101\lib\jconsole.jar;D:\Program Files\Java\jdk1.8.0_101\lib\tools.jar;C:\Users\lyp\git\zplatform-member-merchant\zplatform-member-merchant-server\target\classes
2016-12-16 10:56:05.776 [ main ] - [ INFO  ] [org.apache.zookeeper.ZooKeeper : 100 ] - Client environment:java.library.path=D:\Program Files\Java\jdk1.8.0_101\bin;C:\Windows\Sun\Java\bin;C:\Windows\system32;C:\Windows;D:/Program Files/Java/jdk1.8.0_101/bin/../jre/bin/server;D:/Program Files/Java/jdk1.8.0_101/bin/../jre/bin;D:/Program Files/Java/jdk1.8.0_101/bin/../jre/lib/amd64;D:\apache-maven-3.3.9\bin;C:\Program Files (x86)\Common Files\NetSarang;G:\home\web\trade;D:\Program Files\Java\jdk1.8.0_101\bin;C:\Program Files (x86)\Intel\iCLS Client\;C:\Program Files\Intel\iCLS Client\;C:\Windows\system32;C:\Windows;C:\Windows\System32\Wbem;C:\Windows\System32\WindowsPowerShell\v1.0\;C:\Program Files\Intel\Intel(R) Management Engine Components\DAL;C:\Program Files\Intel\Intel(R) Management Engine Components\IPT;C:\Program Files (x86)\Intel\Intel(R) Management Engine Components\DAL;C:\Program Files (x86)\Intel\Intel(R) Management Engine Components\IPT;C:\Program Files (x86)\Common Files\Lenovo;C:\SWTOOLS\ReadyApps;D:\Program Files (x86)\Rational\common;D:\svn\bin;D:\testng\apache-ant-1.9.7\bin;D:\eclipse\eclipse;;.
2016-12-16 10:56:05.776 [ main ] - [ INFO  ] [org.apache.zookeeper.ZooKeeper : 100 ] - Client environment:java.io.tmpdir=C:\Users\lyp\AppData\Local\Temp\
2016-12-16 10:56:05.776 [ main ] - [ INFO  ] [org.apache.zookeeper.ZooKeeper : 100 ] - Client environment:java.compiler=<NA>
2016-12-16 10:56:05.776 [ main ] - [ INFO  ] [org.apache.zookeeper.ZooKeeper : 100 ] - Client environment:os.name=Windows 7
2016-12-16 10:56:05.776 [ main ] - [ INFO  ] [org.apache.zookeeper.ZooKeeper : 100 ] - Client environment:os.arch=amd64
2016-12-16 10:56:05.776 [ main ] - [ INFO  ] [org.apache.zookeeper.ZooKeeper : 100 ] - Client environment:os.version=6.1
2016-12-16 10:56:05.776 [ main ] - [ INFO  ] [org.apache.zookeeper.ZooKeeper : 100 ] - Client environment:user.name=lyp
2016-12-16 10:56:05.776 [ main ] - [ INFO  ] [org.apache.zookeeper.ZooKeeper : 100 ] - Client environment:user.home=C:\Users\lyp
2016-12-16 10:56:05.777 [ main ] - [ INFO  ] [org.apache.zookeeper.ZooKeeper : 100 ] - Client environment:user.dir=C:\Users\lyp\git\zplatform-member-merchant\zplatform-member-merchant-server
2016-12-16 10:56:05.777 [ main ] - [ INFO  ] [org.apache.zookeeper.ZooKeeper : 438 ] - Initiating client connection, connectString=192.168.101.104:2181 sessionTimeout=30000 watcher=org.I0Itec.zkclient.ZkClient@abbe000
2016-12-16 10:56:05.798 [ main-SendThread(192.168.101.104:2181) ] - [ INFO  ] [org.apache.zookeeper.ClientCnxn : 975 ] - Opening socket connection to server 192.168.101.104/192.168.101.104:2181. Will not attempt to authenticate using SASL (unknown error)
2016-12-16 10:56:05.800 [ main-SendThread(192.168.101.104:2181) ] - [ INFO  ] [org.apache.zookeeper.ClientCnxn : 852 ] - Socket connection established to 192.168.101.104/192.168.101.104:2181, initiating session
2016-12-16 10:56:05.807 [ main-SendThread(192.168.101.104:2181) ] - [ INFO  ] [org.apache.zookeeper.ClientCnxn : 1235 ] - Session establishment complete on server 192.168.101.104/192.168.101.104:2181, sessionid = 0x1585ea4ee370558, negotiated timeout = 30000
2016-12-16 10:56:06.354 [ main ] - [ INFO  ] [o.s.orm.hibernate4.HibernateTransactionManager : 360 ] - Using DataSource [{
	CreateTime:"2016-12-16 10:56:03",
	ActiveCount:0,
	PoolingCount:1,
	CreateCount:1,
	DestroyCount:0,
	CloseCount:0,
	ConnectCount:0,
	Connections:[
		{ID:947043383, ConnectTime:"2016-12-16 10:56:04", UseCount:0, LastActiveTime:"2016-12-16 10:56:04"}
	]
}

[
	{
	ID:947043383, 
	poolStatements:[
		]
	}
]] of Hibernate SessionFactory for HibernateTransactionManager
2016-12-16 14:44:34.153 [ main ] - [ INFO  ] [o.s.context.support.ClassPathXmlApplicationContext : 573 ] - Refreshing org.springframework.context.support.ClassPathXmlApplicationContext@61f8bee4: startup date [Fri Dec 16 14:44:34 CST 2016]; root of context hierarchy
2016-12-16 14:44:34.214 [ main ] - [ INFO  ] [o.s.beans.factory.xml.XmlBeanDefinitionReader : 317 ] - Loading XML bean definitions from file [C:\Users\lyp\git\zplatform-member-merchant\zplatform-member-merchant-server\target\classes\META-INF\spring\spring-context.xml]
2016-12-16 14:44:39.642 [ main ] - [ INFO  ] [o.s.beans.factory.xml.XmlBeanDefinitionReader : 317 ] - Loading XML bean definitions from class path resource [spring-hibernate.xml]
2016-12-16 14:44:39.743 [ main ] - [ INFO  ] [o.s.beans.factory.xml.XmlBeanDefinitionReader : 317 ] - Loading XML bean definitions from class path resource [spring-dubbo-provider.xml]
2016-12-16 14:44:39.797 [ main ] - [ INFO  ] [o.s.beans.factory.xml.XmlBeanDefinitionReader : 317 ] - Loading XML bean definitions from class path resource [spring-dubbo-consumer.xml]
2016-12-16 14:44:40.052 [ main ] - [ INFO  ] [o.s.b.factory.config.PropertyPlaceholderConfigurer : 172 ] - Loading properties file from file [D:\cert\database.properties]
2016-12-16 14:44:43.105 [ main ] - [ INFO  ] [org.apache.zookeeper.ZooKeeper : 100 ] - Client environment:zookeeper.version=3.4.6-1569965, built on 02/20/2014 09:09 GMT
2016-12-16 14:44:43.106 [ main ] - [ INFO  ] [org.apache.zookeeper.ZooKeeper : 100 ] - Client environment:host.name=lyp-PC
2016-12-16 14:44:43.106 [ main ] - [ INFO  ] [org.apache.zookeeper.ZooKeeper : 100 ] - Client environment:java.version=1.8.0_101
2016-12-16 14:44:43.106 [ main ] - [ INFO  ] [org.apache.zookeeper.ZooKeeper : 100 ] - Client environment:java.vendor=Oracle Corporation
2016-12-16 14:44:43.106 [ main ] - [ INFO  ] [org.apache.zookeeper.ZooKeeper : 100 ] - Client environment:java.home=D:\Program Files\Java\jdk1.8.0_101\jre
2016-12-16 14:44:43.106 [ main ] - [ INFO  ] [org.apache.zookeeper.ZooKeeper : 100 ] - Client environment:java.class.path=C:\Users\lyp\.m2\repository\com\alibaba\dubbo\2.5.3\dubbo-2.5.3.jar;C:\Users\lyp\.m2\repository\org\javassist\javassist\3.15.0-GA\javassist-3.15.0-GA.jar;C:\Users\lyp\.m2\repository\org\jboss\netty\netty\3.2.5.Final\netty-3.2.5.Final.jar;C:\Users\lyp\.m2\repository\org\apache\zookeeper\zookeeper\3.4.6\zookeeper-3.4.6.jar;C:\Users\lyp\.m2\repository\log4j\log4j\1.2.16\log4j-1.2.16.jar;C:\Users\lyp\.m2\repository\jline\jline\0.9.94\jline-0.9.94.jar;C:\Users\lyp\.m2\repository\io\netty\netty\3.7.0.Final\netty-3.7.0.Final.jar;C:\Users\lyp\.m2\repository\com\github\sgroschupf\zkclient\0.1\zkclient-0.1.jar;C:\Users\lyp\.m2\repository\org\springframework\spring-test\4.2.0.RELEASE\spring-test-4.2.0.RELEASE.jar;C:\Users\lyp\.m2\repository\org\springframework\spring-core\4.2.0.RELEASE\spring-core-4.2.0.RELEASE.jar;C:\Users\lyp\.m2\repository\org\springframework\spring-web\4.2.0.RELEASE\spring-web-4.2.0.RELEASE.jar;C:\Users\lyp\.m2\repository\org\springframework\spring-aop\4.2.0.RELEASE\spring-aop-4.2.0.RELEASE.jar;C:\Users\lyp\.m2\repository\aopalliance\aopalliance\1.0\aopalliance-1.0.jar;C:\Users\lyp\.m2\repository\org\springframework\spring-beans\4.2.0.RELEASE\spring-beans-4.2.0.RELEASE.jar;C:\Users\lyp\.m2\repository\org\springframework\spring-context\4.2.0.RELEASE\spring-context-4.2.0.RELEASE.jar;C:\Users\lyp\.m2\repository\org\springframework\spring-expression\4.2.0.RELEASE\spring-expression-4.2.0.RELEASE.jar;C:\Users\lyp\.m2\repository\org\cheffo\jeplite\0.8.7a\jeplite-0.8.7a.jar;C:\Users\lyp\.m2\repository\net\sf\json-lib\json-lib\2.4\json-lib-2.4-jdk15.jar;C:\Users\lyp\.m2\repository\commons-beanutils\commons-beanutils\1.8.0\commons-beanutils-1.8.0.jar;C:\Users\lyp\.m2\repository\commons-collections\commons-collections\3.2.1\commons-collections-3.2.1.jar;C:\Users\lyp\.m2\repository\commons-lang\commons-lang\2.5\commons-lang-2.5.jar;C:\Users\lyp\.m2\repository\commons-logging\commons-logging\1.1.1\commons-logging-1.1.1.jar;C:\Users\lyp\.m2\repository\net\sf\ezmorph\ezmorph\1.0.6\ezmorph-1.0.6.jar;C:\Users\lyp\.m2\repository\org\slf4j\slf4j-api\1.7.7\slf4j-api-1.7.7.jar;C:\Users\lyp\.m2\repository\ch\qos\logback\logback-core\1.1.3\logback-core-1.1.3.jar;C:\Users\lyp\.m2\repository\ch\qos\logback\logback-classic\1.1.3\logback-classic-1.1.3.jar;C:\Users\lyp\.m2\repository\org\slf4j\slf4j-log4j12\1.7.21\slf4j-log4j12-1.7.21.jar;C:\Users\lyp\.m2\repository\org\slf4j\log4j-over-slf4j\1.7.21\log4j-over-slf4j-1.7.21.jar;C:\Users\lyp\.m2\repository\org\slf4j\jcl-over-slf4j\1.7.21\jcl-over-slf4j-1.7.21.jar;C:\Users\lyp\git\zplatform-member-individual\zplatform-member-individual-api\target\classes;C:\Users\lyp\.m2\repository\com\zlebank\zplatform\zplatform-member-commons-api\1.0.0-SNAPSHOT\zplatform-member-commons-api-1.0.0-SNAPSHOT.jar;C:\Users\lyp\.m2\repository\com\alibaba\fastjson\1.2.7\fastjson-1.2.7.jar;C:\Users\lyp\.m2\repository\com\google\guava\guava\19.0\guava-19.0.jar;C:\Users\lyp\git\zplatform-acc-service\zplatform-acc-bean\target\classes;C:\Users\lyp\git\zplatform-member-merchant\zplatform-member-merchant-api\target\classes;C:\Users\lyp\.m2\repository\com\zlebank\zplatform\zplatform-member\1.7.0-RELEASE\zplatform-member-1.7.0-RELEASE.jar;C:\Users\lyp\.m2\repository\com\zlebank\zplatform\zplatform-acc\1.7.0-RELEASE\zplatform-acc-1.7.0-RELEASE.jar;C:\Users\lyp\.m2\repository\net\sourceforge\jexcelapi\jxl\2.6.10\jxl-2.6.10.jar;C:\Users\lyp\.m2\repository\org\quartz-scheduler\quartz\2.2.1\quartz-2.2.1.jar;C:\Users\lyp\.m2\repository\org\quartz-scheduler\quartz-jobs\2.2.1\quartz-jobs-2.2.1.jar;C:\Users\lyp\.m2\repository\com\zlebank\zplatform\zplatform-member-api\1.7.0-RELEASE\zplatform-member-api-1.7.0-RELEASE.jar;C:\Users\lyp\.m2\repository\com\zlebank\zplatform\zplatform-commons\1.4.0-SNAPSHOT\zplatform-commons-1.4.0-SNAPSHOT.jar;C:\Users\lyp\.m2\repository\commons-httpclient\commons-httpclient\3.1\commons-httpclient-3.1.jar;C:\Users\lyp\.m2\repository\commons-codec\commons-codec\1.2\commons-codec-1.2.jar;C:\Users\lyp\.m2\repository\com\zlebank\zplatform\zplatform-member-commons\1.0.0-SNAPSHOT\zplatform-member-commons-1.0.0-SNAPSHOT.jar;C:\Users\lyp\.m2\repository\org\springframework\spring-context-support\4.2.0.RELEASE\spring-context-support-4.2.0.RELEASE.jar;C:\Users\lyp\.m2\repository\org\springframework\spring-orm\4.2.0.RELEASE\spring-orm-4.2.0.RELEASE.jar;C:\Users\lyp\.m2\repository\org\springframework\spring-jdbc\4.2.0.RELEASE\spring-jdbc-4.2.0.RELEASE.jar;C:\Users\lyp\.m2\repository\org\springframework\spring-tx\4.2.0.RELEASE\spring-tx-4.2.0.RELEASE.jar;C:\Users\lyp\.m2\repository\org\springframework\spring-aspects\4.2.0.RELEASE\spring-aspects-4.2.0.RELEASE.jar;C:\Users\lyp\.m2\repository\org\aspectj\aspectjweaver\1.8.6\aspectjweaver-1.8.6.jar;C:\Users\lyp\.m2\repository\commons-net\commons-net\3.3\commons-net-3.3.jar;C:\Users\lyp\.m2\repository\org\hibernate\hibernate-c3p0\4.2.0.Final\hibernate-c3p0-4.2.0.Final.jar;C:\Users\lyp\.m2\repository\org\jboss\logging\jboss-logging\3.1.0.GA\jboss-logging-3.1.0.GA.jar;C:\Users\lyp\.m2\repository\org\hibernate\hibernate-core\4.2.0.Final\hibernate-core-4.2.0.Final.jar;C:\Users\lyp\.m2\repository\antlr\antlr\2.7.7\antlr-2.7.7.jar;C:\Users\lyp\.m2\repository\org\jboss\spec\javax\transaction\jboss-transaction-api_1.1_spec\1.0.0.Final\jboss-transaction-api_1.1_spec-1.0.0.Final.jar;C:\Users\lyp\.m2\repository\dom4j\dom4j\1.6.1\dom4j-1.6.1.jar;C:\Users\lyp\.m2\repository\org\hibernate\javax\persistence\hibernate-jpa-2.0-api\1.0.1.Final\hibernate-jpa-2.0-api-1.0.1.Final.jar;C:\Users\lyp\.m2\repository\org\hibernate\common\hibernate-commons-annotations\4.0.1.Final\hibernate-commons-annotations-4.0.1.Final.jar;C:\Users\lyp\.m2\repository\c3p0\c3p0\0.9.1\c3p0-0.9.1.jar;C:\Users\lyp\.m2\repository\org\hibernate\hibernate-validator\4.2.0.Final\hibernate-validator-4.2.0.Final.jar;C:\Users\lyp\.m2\repository\javax\validation\validation-api\1.0.0.GA\validation-api-1.0.0.GA.jar;C:\Users\lyp\.m2\repository\com\oracle\ojdbc6\11\ojdbc6-11.jar;C:\Users\lyp\.m2\repository\cglib\cglib\2.2\cglib-2.2.jar;C:\Users\lyp\.m2\repository\asm\asm\3.1\asm-3.1.jar;C:\Users\lyp\.m2\repository\com\zlebank\zplatform\javabase64\1.3.1\javabase64-1.3.1.jar;C:\Users\lyp\git\zplatform-member-coopinsti\zplatform-member-coopinsti-api\target\classes;C:\Users\lyp\.m2\repository\com\alibaba\druid\1.0.26\druid-1.0.26.jar;D:\Program Files\Java\jdk1.8.0_101\lib\jconsole.jar;D:\Program Files\Java\jdk1.8.0_101\lib\tools.jar;C:\Users\lyp\git\zplatform-member-merchant\zplatform-member-merchant-server\target\classes
2016-12-16 14:44:43.107 [ main ] - [ INFO  ] [org.apache.zookeeper.ZooKeeper : 100 ] - Client environment:java.library.path=D:\Program Files\Java\jdk1.8.0_101\bin;C:\Windows\Sun\Java\bin;C:\Windows\system32;C:\Windows;D:/Program Files/Java/jdk1.8.0_101/bin/../jre/bin/server;D:/Program Files/Java/jdk1.8.0_101/bin/../jre/bin;D:/Program Files/Java/jdk1.8.0_101/bin/../jre/lib/amd64;D:\apache-maven-3.3.9\bin;C:\Program Files (x86)\Common Files\NetSarang;G:\home\web\trade;D:\Program Files\Java\jdk1.8.0_101\bin;C:\Program Files (x86)\Intel\iCLS Client\;C:\Program Files\Intel\iCLS Client\;C:\Windows\system32;C:\Windows;C:\Windows\System32\Wbem;C:\Windows\System32\WindowsPowerShell\v1.0\;C:\Program Files\Intel\Intel(R) Management Engine Components\DAL;C:\Program Files\Intel\Intel(R) Management Engine Components\IPT;C:\Program Files (x86)\Intel\Intel(R) Management Engine Components\DAL;C:\Program Files (x86)\Intel\Intel(R) Management Engine Components\IPT;C:\Program Files (x86)\Common Files\Lenovo;C:\SWTOOLS\ReadyApps;D:\Program Files (x86)\Rational\common;D:\svn\bin;D:\testng\apache-ant-1.9.7\bin;D:\eclipse\eclipse;;.
2016-12-16 14:44:43.107 [ main ] - [ INFO  ] [org.apache.zookeeper.ZooKeeper : 100 ] - Client environment:java.io.tmpdir=C:\Users\lyp\AppData\Local\Temp\
2016-12-16 14:44:43.107 [ main ] - [ INFO  ] [org.apache.zookeeper.ZooKeeper : 100 ] - Client environment:java.compiler=<NA>
2016-12-16 14:44:43.108 [ main ] - [ INFO  ] [org.apache.zookeeper.ZooKeeper : 100 ] - Client environment:os.name=Windows 7
2016-12-16 14:44:43.108 [ main ] - [ INFO  ] [org.apache.zookeeper.ZooKeeper : 100 ] - Client environment:os.arch=amd64
2016-12-16 14:44:43.108 [ main ] - [ INFO  ] [org.apache.zookeeper.ZooKeeper : 100 ] - Client environment:os.version=6.1
2016-12-16 14:44:43.108 [ main ] - [ INFO  ] [org.apache.zookeeper.ZooKeeper : 100 ] - Client environment:user.name=lyp
2016-12-16 14:44:43.108 [ main ] - [ INFO  ] [org.apache.zookeeper.ZooKeeper : 100 ] - Client environment:user.home=C:\Users\lyp
2016-12-16 14:44:43.109 [ main ] - [ INFO  ] [org.apache.zookeeper.ZooKeeper : 100 ] - Client environment:user.dir=C:\Users\lyp\git\zplatform-member-merchant\zplatform-member-merchant-server
2016-12-16 14:44:43.110 [ main ] - [ INFO  ] [org.apache.zookeeper.ZooKeeper : 438 ] - Initiating client connection, connectString=192.168.101.104:2181 sessionTimeout=30000 watcher=org.I0Itec.zkclient.ZkClient@365cdacf
2016-12-16 14:44:43.215 [ main-SendThread(192.168.101.104:2181) ] - [ INFO  ] [org.apache.zookeeper.ClientCnxn : 975 ] - Opening socket connection to server 192.168.101.104/192.168.101.104:2181. Will not attempt to authenticate using SASL (unknown error)
2016-12-16 14:44:43.219 [ main-SendThread(192.168.101.104:2181) ] - [ INFO  ] [org.apache.zookeeper.ClientCnxn : 852 ] - Socket connection established to 192.168.101.104/192.168.101.104:2181, initiating session
2016-12-16 14:44:43.243 [ main-SendThread(192.168.101.104:2181) ] - [ INFO  ] [org.apache.zookeeper.ClientCnxn : 1235 ] - Session establishment complete on server 192.168.101.104/192.168.101.104:2181, sessionid = 0x1585ea4ee370559, negotiated timeout = 30000
2016-12-16 14:44:43.927 [ main ] - [ INFO  ] [o.s.orm.hibernate4.HibernateTransactionManager : 360 ] - Using DataSource [{
	CreateTime:"2016-12-16 14:44:40",
	ActiveCount:0,
	PoolingCount:1,
	CreateCount:1,
	DestroyCount:0,
	CloseCount:0,
	ConnectCount:0,
	Connections:[
		{ID:1481206935, ConnectTime:"2016-12-16 14:44:41", UseCount:0, LastActiveTime:"2016-12-16 14:44:41"}
	]
}

[
	{
	ID:1481206935, 
	poolStatements:[
		]
	}
]] of Hibernate SessionFactory for HibernateTransactionManager
